        -:    0:Source:/usr/include/c++/10/bits/stl_tree.h
        -:    0:Graph:/home/hkn_krz/formalHW5/cmake-build-debug-coverage/CMakeFiles/formal.dir/Tests.cpp.gcno
        -:    0:Data:/home/hkn_krz/formalHW5/cmake-build-debug-coverage/CMakeFiles/formal.dir/Tests.cpp.gcda
        -:    0:Runs:1
        -:    1:// RB tree implementation -*- C++ -*-
        -:    2:
        -:    3:// Copyright (C) 2001-2020 Free Software Foundation, Inc.
        -:    4://
        -:    5:// This file is part of the GNU ISO C++ Library.  This library is free
        -:    6:// software; you can redistribute it and/or modify it under the
        -:    7:// terms of the GNU General Public License as published by the
        -:    8:// Free Software Foundation; either version 3, or (at your option)
        -:    9:// any later version.
        -:   10:
        -:   11:// This library is distributed in the hope that it will be useful,
        -:   12:// but WITHOUT ANY WARRANTY; without even the implied warranty of
        -:   13:// MERCHANTABILITY or FITNESS FOR A PARTICULAR PURPOSE.  See the
        -:   14:// GNU General Public License for more details.
        -:   15:
        -:   16:// Under Section 7 of GPL version 3, you are granted additional
        -:   17:// permissions described in the GCC Runtime Library Exception, version
        -:   18:// 3.1, as published by the Free Software Foundation.
        -:   19:
        -:   20:// You should have received a copy of the GNU General Public License and
        -:   21:// a copy of the GCC Runtime Library Exception along with this program;
        -:   22:// see the files COPYING3 and COPYING.RUNTIME respectively.  If not, see
        -:   23:// <http://www.gnu.org/licenses/>.
        -:   24:
        -:   25:/*
        -:   26: *
        -:   27: * Copyright (c) 1996,1997
        -:   28: * Silicon Graphics Computer Systems, Inc.
        -:   29: *
        -:   30: * Permission to use, copy, modify, distribute and sell this software
        -:   31: * and its documentation for any purpose is hereby granted without fee,
        -:   32: * provided that the above copyright notice appear in all copies and
        -:   33: * that both that copyright notice and this permission notice appear
        -:   34: * in supporting documentation.  Silicon Graphics makes no
        -:   35: * representations about the suitability of this software for any
        -:   36: * purpose.  It is provided "as is" without express or implied warranty.
        -:   37: *
        -:   38: *
        -:   39: * Copyright (c) 1994
        -:   40: * Hewlett-Packard Company
        -:   41: *
        -:   42: * Permission to use, copy, modify, distribute and sell this software
        -:   43: * and its documentation for any purpose is hereby granted without fee,
        -:   44: * provided that the above copyright notice appear in all copies and
        -:   45: * that both that copyright notice and this permission notice appear
        -:   46: * in supporting documentation.  Hewlett-Packard Company makes no
        -:   47: * representations about the suitability of this software for any
        -:   48: * purpose.  It is provided "as is" without express or implied warranty.
        -:   49: *
        -:   50: *
        -:   51: */
        -:   52:
        -:   53:/** @file bits/stl_tree.h
        -:   54: *  This is an internal header file, included by other library headers.
        -:   55: *  Do not attempt to use it directly. @headername{map,set}
        -:   56: */
        -:   57:
        -:   58:#ifndef _STL_TREE_H
        -:   59:#define _STL_TREE_H 1
        -:   60:
        -:   61:#pragma GCC system_header
        -:   62:
        -:   63:#include <bits/stl_algobase.h>
        -:   64:#include <bits/allocator.h>
        -:   65:#include <bits/stl_function.h>
        -:   66:#include <bits/cpp_type_traits.h>
        -:   67:#include <ext/alloc_traits.h>
        -:   68:#if __cplusplus >= 201103L
        -:   69:# include <ext/aligned_buffer.h>
        -:   70:#endif
        -:   71:#if __cplusplus > 201402L
        -:   72:# include <bits/node_handle.h>
        -:   73:#endif
        -:   74:
        -:   75:namespace std _GLIBCXX_VISIBILITY(default)
        -:   76:{
        -:   77:_GLIBCXX_BEGIN_NAMESPACE_VERSION
        -:   78:
        -:   79:#if __cplusplus > 201103L
        -:   80:# define __cpp_lib_generic_associative_lookup 201304
        -:   81:#endif
        -:   82:
        -:   83:  // Red-black tree class, designed for use in implementing STL
        -:   84:  // associative containers (set, multiset, map, and multimap). The
        -:   85:  // insertion and deletion algorithms are based on those in Cormen,
        -:   86:  // Leiserson, and Rivest, Introduction to Algorithms (MIT Press,
        -:   87:  // 1990), except that
        -:   88:  //
        -:   89:  // (1) the header cell is maintained with links not only to the root
        -:   90:  // but also to the leftmost node of the tree, to enable constant
        -:   91:  // time begin(), and to the rightmost node of the tree, to enable
        -:   92:  // linear time performance when used with the generic set algorithms
        -:   93:  // (set_union, etc.)
        -:   94:  //
        -:   95:  // (2) when a node being deleted has two children its successor node
        -:   96:  // is relinked into its place, rather than copied, so that the only
        -:   97:  // iterators invalidated are those referring to the deleted node.
        -:   98:
        -:   99:  enum _Rb_tree_color { _S_red = false, _S_black = true };
        -:  100:
        -:  101:  struct _Rb_tree_node_base
        -:  102:  {
        -:  103:    typedef _Rb_tree_node_base* _Base_ptr;
        -:  104:    typedef const _Rb_tree_node_base* _Const_Base_ptr;
        -:  105:
        -:  106:    _Rb_tree_color	_M_color;
        -:  107:    _Base_ptr		_M_parent;
        -:  108:    _Base_ptr		_M_left;
        -:  109:    _Base_ptr		_M_right;
        -:  110:
        -:  111:    static _Base_ptr
function _ZNSt18_Rb_tree_node_base10_S_minimumEPS_ called 412 returned 100% blocks executed 100%
      425:  112:    _S_minimum(_Base_ptr __x) _GLIBCXX_NOEXCEPT
        -:  113:    {
      425:  114:      while (__x->_M_left != 0) __x = __x->_M_left;
      425:  114-block  0
branch  0 taken 13 (fallthrough)
branch  1 taken 412
       13:  114-block  1
      412:  115:      return __x;
      412:  115-block  0
        -:  116:    }
        -:  117:
        -:  118:    static _Const_Base_ptr
        -:  119:    _S_minimum(_Const_Base_ptr __x) _GLIBCXX_NOEXCEPT
        -:  120:    {
        -:  121:      while (__x->_M_left != 0) __x = __x->_M_left;
        -:  122:      return __x;
        -:  123:    }
        -:  124:
        -:  125:    static _Base_ptr
function _ZNSt18_Rb_tree_node_base10_S_maximumEPS_ called 412 returned 100% blocks executed 100%
      428:  126:    _S_maximum(_Base_ptr __x) _GLIBCXX_NOEXCEPT
        -:  127:    {
      428:  128:      while (__x->_M_right != 0) __x = __x->_M_right;
      428:  128-block  0
branch  0 taken 16 (fallthrough)
branch  1 taken 412
       16:  128-block  1
      412:  129:      return __x;
      412:  129-block  0
        -:  130:    }
        -:  131:
        -:  132:    static _Const_Base_ptr
        -:  133:    _S_maximum(_Const_Base_ptr __x) _GLIBCXX_NOEXCEPT
        -:  134:    {
        -:  135:      while (__x->_M_right != 0) __x = __x->_M_right;
        -:  136:      return __x;
        -:  137:    }
        -:  138:  };
        -:  139:
        -:  140:  // Helper type offering value initialization guarantee on the compare functor.
        -:  141:  template<typename _Key_compare>
        -:  142:    struct _Rb_tree_key_compare
        -:  143:    {
        -:  144:      _Key_compare		_M_key_compare;
        -:  145:
      571:  146:      _Rb_tree_key_compare()
        -:  147:      _GLIBCXX_NOEXCEPT_IF(
        -:  148:	is_nothrow_default_constructible<_Key_compare>::value)
        -:  149:      : _M_key_compare()
      571:  150:      { }
------------------
_ZNSt20_Rb_tree_key_compareISt4lessIcEEC2Ev:
function _ZNSt20_Rb_tree_key_compareISt4lessIcEEC2Ev called 57 returned 100% blocks executed 100%
       57:  146:      _Rb_tree_key_compare()
        -:  147:      _GLIBCXX_NOEXCEPT_IF(
        -:  148:	is_nothrow_default_constructible<_Key_compare>::value)
        -:  149:      : _M_key_compare()
       57:  150:      { }
------------------
_ZNSt20_Rb_tree_key_compareISt4lessISt3setIiS0_IiESaIiEEEEC2Ev:
function _ZNSt20_Rb_tree_key_compareISt4lessISt3setIiS0_IiESaIiEEEEC2Ev called 7 returned 100% blocks executed 100%
        7:  146:      _Rb_tree_key_compare()
        -:  147:      _GLIBCXX_NOEXCEPT_IF(
        -:  148:	is_nothrow_default_constructible<_Key_compare>::value)
        -:  149:      : _M_key_compare()
        7:  150:      { }
------------------
_ZNSt20_Rb_tree_key_compareISt4lessIiEEC2Ev:
function _ZNSt20_Rb_tree_key_compareISt4lessIiEEC2Ev called 507 returned 100% blocks executed 100%
      507:  146:      _Rb_tree_key_compare()
        -:  147:      _GLIBCXX_NOEXCEPT_IF(
        -:  148:	is_nothrow_default_constructible<_Key_compare>::value)
        -:  149:      : _M_key_compare()
      507:  150:      { }
------------------
        -:  151:
function _ZNSt20_Rb_tree_key_compareISt4lessIiEEC2ERKS1_ called 359 returned 100% blocks executed 100%
      359:  152:      _Rb_tree_key_compare(const _Key_compare& __comp)
        -:  153:      : _M_key_compare(__comp)
      359:  154:      { }
        -:  155:
        -:  156:#if __cplusplus >= 201103L
        -:  157:      // Copy constructor added for consistency with C++98 mode.
        -:  158:      _Rb_tree_key_compare(const _Rb_tree_key_compare&) = default;
        -:  159:
function _ZNSt20_Rb_tree_key_compareISt4lessIiEEC2EOS2_ called 7 returned 100% blocks executed 100%
        7:  160:      _Rb_tree_key_compare(_Rb_tree_key_compare&& __x)
        -:  161:	noexcept(is_nothrow_copy_constructible<_Key_compare>::value)
        -:  162:      : _M_key_compare(__x._M_key_compare)
        7:  163:      { }
        -:  164:#endif
        -:  165:    };
        -:  166:
        -:  167:  // Helper type to manage default initialization of node count and header.
        -:  168:  struct _Rb_tree_header
        -:  169:  {
        -:  170:    _Rb_tree_node_base	_M_header;
        -:  171:    size_t		_M_node_count; // Keeps track of size of tree.
        -:  172:
function _ZNSt15_Rb_tree_headerC2Ev called 930 returned 100% blocks executed 100%
      930:  173:    _Rb_tree_header() _GLIBCXX_NOEXCEPT
      930:  174:    {
      930:  175:      _M_header._M_color = _S_red;
      930:  176:      _M_reset();
      930:  176-block  0
call    0 returned 930
      930:  177:    }
        -:  178:
        -:  179:#if __cplusplus >= 201103L
function _ZNSt15_Rb_tree_headerC2EOS_ called 7 returned 100% blocks executed 75%
        7:  180:    _Rb_tree_header(_Rb_tree_header&& __x) noexcept
        7:  181:    {
        7:  182:      if (__x._M_header._M_parent != nullptr)
        7:  182-block  0
branch  0 taken 7 (fallthrough)
branch  1 taken 0
        7:  183:	_M_move_data(__x);
        7:  183-block  0
call    0 returned 7
        -:  184:      else
        -:  185:	{
    #####:  186:	  _M_header._M_color = _S_red;
    #####:  187:	  _M_reset();
    %%%%%:  187-block  0
call    0 never executed
        -:  188:	}
        7:  189:    }
        -:  190:#endif
        -:  191:
        -:  192:    void
function _ZNSt15_Rb_tree_header12_M_move_dataERS_ called 7 returned 100% blocks executed 100%
        7:  193:    _M_move_data(_Rb_tree_header& __from)
        -:  194:    {
        7:  195:      _M_header._M_color = __from._M_header._M_color;
        7:  196:      _M_header._M_parent = __from._M_header._M_parent;
        7:  197:      _M_header._M_left = __from._M_header._M_left;
        7:  198:      _M_header._M_right = __from._M_header._M_right;
        7:  199:      _M_header._M_parent->_M_parent = &_M_header;
        7:  200:      _M_node_count = __from._M_node_count;
        -:  201:
        7:  202:      __from._M_reset();
        7:  202-block  0
call    0 returned 7
        7:  203:    }
        -:  204:
        -:  205:    void
function _ZNSt15_Rb_tree_header8_M_resetEv called 1015 returned 100% blocks executed 100%
     1015:  206:    _M_reset()
        -:  207:    {
     1015:  208:      _M_header._M_parent = 0;
     1015:  209:      _M_header._M_left = &_M_header;
     1015:  210:      _M_header._M_right = &_M_header;
     1015:  211:      _M_node_count = 0;
     1015:  212:    }
        -:  213:  };
        -:  214:
        -:  215:  template<typename _Val>
        -:  216:    struct _Rb_tree_node : public _Rb_tree_node_base
        -:  217:    {
        -:  218:      typedef _Rb_tree_node<_Val>* _Link_type;
        -:  219:
        -:  220:#if __cplusplus < 201103L
        -:  221:      _Val _M_value_field;
        -:  222:
        -:  223:      _Val*
        -:  224:      _M_valptr()
        -:  225:      { return std::__addressof(_M_value_field); }
        -:  226:
        -:  227:      const _Val*
        -:  228:      _M_valptr() const
        -:  229:      { return std::__addressof(_M_value_field); }
        -:  230:#else
        -:  231:      __gnu_cxx::__aligned_membuf<_Val> _M_storage;
        -:  232:
        -:  233:      _Val*
    10941:  234:      _M_valptr()
    10941:  235:      { return _M_storage._M_ptr(); }
------------------
_ZNSt13_Rb_tree_nodeIiE9_M_valptrEv:
function _ZNSt13_Rb_tree_nodeIiE9_M_valptrEv called 1405 returned 100% blocks executed 100%
     1405:  234:      _M_valptr()
     1405:  235:      { return _M_storage._M_ptr(); }
     1405:  235-block  0
call    0 returned 1405
------------------
_ZNSt13_Rb_tree_nodeISt4pairIKcbEE9_M_valptrEv:
function _ZNSt13_Rb_tree_nodeISt4pairIKcbEE9_M_valptrEv called 1052 returned 100% blocks executed 100%
     1052:  234:      _M_valptr()
     1052:  235:      { return _M_storage._M_ptr(); }
     1052:  235-block  0
call    0 returned 1052
------------------
_ZNSt13_Rb_tree_nodeISt4pairIKSt3setIiSt4lessIiESaIiEES0_IibEEE9_M_valptrEv:
function _ZNSt13_Rb_tree_nodeISt4pairIKSt3setIiSt4lessIiESaIiEES0_IibEEE9_M_valptrEv called 1150 returned 100% blocks executed 100%
     1150:  234:      _M_valptr()
     1150:  235:      { return _M_storage._M_ptr(); }
     1150:  235-block  0
call    0 returned 1150
------------------
_ZNSt13_Rb_tree_nodeISt4pairIKiS0_IciEEE9_M_valptrEv:
function _ZNSt13_Rb_tree_nodeISt4pairIKiS0_IciEEE9_M_valptrEv called 7334 returned 100% blocks executed 100%
     7334:  234:      _M_valptr()
     7334:  235:      { return _M_storage._M_ptr(); }
     7334:  235-block  0
call    0 returned 7334
------------------
        -:  236:
        -:  237:      const _Val*
    35312:  238:      _M_valptr() const
    35312:  239:      { return _M_storage._M_ptr(); }
------------------
_ZNKSt13_Rb_tree_nodeISt4pairIKcbEE9_M_valptrEv:
function _ZNKSt13_Rb_tree_nodeISt4pairIKcbEE9_M_valptrEv called 1109 returned 100% blocks executed 100%
     1109:  238:      _M_valptr() const
     1109:  239:      { return _M_storage._M_ptr(); }
     1109:  239-block  0
call    0 returned 1109
------------------
_ZNKSt13_Rb_tree_nodeISt4pairIKiS0_IciEEE9_M_valptrEv:
function _ZNKSt13_Rb_tree_nodeISt4pairIKiS0_IciEEE9_M_valptrEv called 16955 returned 100% blocks executed 100%
    16955:  238:      _M_valptr() const
    16955:  239:      { return _M_storage._M_ptr(); }
    16955:  239-block  0
call    0 returned 16955
------------------
_ZNKSt13_Rb_tree_nodeISt4pairIKSt3setIiSt4lessIiESaIiEES0_IibEEE9_M_valptrEv:
function _ZNKSt13_Rb_tree_nodeISt4pairIKSt3setIiSt4lessIiESaIiEES0_IibEEE9_M_valptrEv called 3201 returned 100% blocks executed 100%
     3201:  238:      _M_valptr() const
     3201:  239:      { return _M_storage._M_ptr(); }
     3201:  239-block  0
call    0 returned 3201
------------------
_ZNKSt13_Rb_tree_nodeIiE9_M_valptrEv:
function _ZNKSt13_Rb_tree_nodeIiE9_M_valptrEv called 14047 returned 100% blocks executed 100%
    14047:  238:      _M_valptr() const
    14047:  239:      { return _M_storage._M_ptr(); }
    14047:  239-block  0
call    0 returned 14047
------------------
        -:  240:#endif
        -:  241:    };
        -:  242:
        -:  243:  _GLIBCXX_PURE _Rb_tree_node_base*
        -:  244:  _Rb_tree_increment(_Rb_tree_node_base* __x) throw ();
        -:  245:
        -:  246:  _GLIBCXX_PURE const _Rb_tree_node_base*
        -:  247:  _Rb_tree_increment(const _Rb_tree_node_base* __x) throw ();
        -:  248:
        -:  249:  _GLIBCXX_PURE _Rb_tree_node_base*
        -:  250:  _Rb_tree_decrement(_Rb_tree_node_base* __x) throw ();
        -:  251:
        -:  252:  _GLIBCXX_PURE const _Rb_tree_node_base*
        -:  253:  _Rb_tree_decrement(const _Rb_tree_node_base* __x) throw ();
        -:  254:
        -:  255:  template<typename _Tp>
        -:  256:    struct _Rb_tree_iterator
        -:  257:    {
        -:  258:      typedef _Tp  value_type;
        -:  259:      typedef _Tp& reference;
        -:  260:      typedef _Tp* pointer;
        -:  261:
        -:  262:      typedef bidirectional_iterator_tag iterator_category;
        -:  263:      typedef ptrdiff_t			 difference_type;
        -:  264:
        -:  265:      typedef _Rb_tree_iterator<_Tp>		_Self;
        -:  266:      typedef _Rb_tree_node_base::_Base_ptr	_Base_ptr;
        -:  267:      typedef _Rb_tree_node<_Tp>*		_Link_type;
        -:  268:
function _ZNSt17_Rb_tree_iteratorISt4pairIKiS0_IciEEEC2Ev called 7 returned 100% blocks executed 100%
        7:  269:      _Rb_tree_iterator() _GLIBCXX_NOEXCEPT
        7:  270:      : _M_node() { }
        -:  271:
        -:  272:      explicit
     9499:  273:      _Rb_tree_iterator(_Base_ptr __x) _GLIBCXX_NOEXCEPT
     9499:  274:      : _M_node(__x) { }
------------------
_ZNSt17_Rb_tree_iteratorISt4pairIKcbEEC2EPSt18_Rb_tree_node_base:
function _ZNSt17_Rb_tree_iteratorISt4pairIKcbEEC2EPSt18_Rb_tree_node_base called 1109 returned 100% blocks executed 100%
     1109:  273:      _Rb_tree_iterator(_Base_ptr __x) _GLIBCXX_NOEXCEPT
     1109:  274:      : _M_node(__x) { }
------------------
_ZNSt17_Rb_tree_iteratorISt4pairIKiS0_IciEEEC2EPSt18_Rb_tree_node_base:
function _ZNSt17_Rb_tree_iteratorISt4pairIKiS0_IciEEEC2EPSt18_Rb_tree_node_base called 4102 returned 100% blocks executed 100%
     4102:  273:      _Rb_tree_iterator(_Base_ptr __x) _GLIBCXX_NOEXCEPT
     4102:  274:      : _M_node(__x) { }
------------------
_ZNSt17_Rb_tree_iteratorISt4pairIKSt3setIiSt4lessIiESaIiEES0_IibEEEC2EPSt18_Rb_tree_node_base:
function _ZNSt17_Rb_tree_iteratorISt4pairIKSt3setIiSt4lessIiESaIiEES0_IibEEEC2EPSt18_Rb_tree_node_base called 2031 returned 100% blocks executed 100%
     2031:  273:      _Rb_tree_iterator(_Base_ptr __x) _GLIBCXX_NOEXCEPT
     2031:  274:      : _M_node(__x) { }
------------------
_ZNSt17_Rb_tree_iteratorIiEC2EPSt18_Rb_tree_node_base:
function _ZNSt17_Rb_tree_iteratorIiEC2EPSt18_Rb_tree_node_base called 2257 returned 100% blocks executed 100%
     2257:  273:      _Rb_tree_iterator(_Base_ptr __x) _GLIBCXX_NOEXCEPT
     2257:  274:      : _M_node(__x) { }
------------------
        -:  275:
        -:  276:      reference
     2056:  277:      operator*() const _GLIBCXX_NOEXCEPT
     2056:  278:      { return *static_cast<_Link_type>(_M_node)->_M_valptr(); }
------------------
_ZNKSt17_Rb_tree_iteratorISt4pairIKiS0_IciEEEdeEv:
function _ZNKSt17_Rb_tree_iteratorISt4pairIKiS0_IciEEEdeEv called 346 returned 100% blocks executed 100%
      346:  277:      operator*() const _GLIBCXX_NOEXCEPT
      346:  278:      { return *static_cast<_Link_type>(_M_node)->_M_valptr(); }
      346:  278-block  0
call    0 returned 346
------------------
_ZNKSt17_Rb_tree_iteratorISt4pairIKcbEEdeEv:
function _ZNKSt17_Rb_tree_iteratorISt4pairIKcbEEdeEv called 710 returned 100% blocks executed 100%
      710:  277:      operator*() const _GLIBCXX_NOEXCEPT
      710:  278:      { return *static_cast<_Link_type>(_M_node)->_M_valptr(); }
      710:  278-block  0
call    0 returned 710
------------------
_ZNKSt17_Rb_tree_iteratorISt4pairIKSt3setIiSt4lessIiESaIiEES0_IibEEEdeEv:
function _ZNKSt17_Rb_tree_iteratorISt4pairIKSt3setIiSt4lessIiESaIiEES0_IibEEEdeEv called 1000 returned 100% blocks executed 100%
     1000:  277:      operator*() const _GLIBCXX_NOEXCEPT
     1000:  278:      { return *static_cast<_Link_type>(_M_node)->_M_valptr(); }
     1000:  278-block  0
call    0 returned 1000
------------------
        -:  279:
        -:  280:      pointer
function _ZNKSt17_Rb_tree_iteratorISt4pairIKiS0_IciEEEptEv called 5715 returned 100% blocks executed 100%
     5715:  281:      operator->() const _GLIBCXX_NOEXCEPT
     5715:  282:      { return static_cast<_Link_type> (_M_node)->_M_valptr(); }
     5715:  282-block  0
call    0 returned 5715
        -:  283:
        -:  284:      _Self&
    2989*:  285:      operator++() _GLIBCXX_NOEXCEPT
        -:  286:      {
    2989*:  287:	_M_node = _Rb_tree_increment(_M_node);
    2989*:  288:	return *this;
        -:  289:      }
------------------
_ZNSt17_Rb_tree_iteratorIiEppEv:
function _ZNSt17_Rb_tree_iteratorIiEppEv called 0 returned 0% blocks executed 0%
    #####:  285:      operator++() _GLIBCXX_NOEXCEPT
        -:  286:      {
    #####:  287:	_M_node = _Rb_tree_increment(_M_node);
    #####:  288:	return *this;
    %%%%%:  288-block  0
        -:  289:      }
------------------
_ZNSt17_Rb_tree_iteratorISt4pairIKcbEEppEv:
function _ZNSt17_Rb_tree_iteratorISt4pairIKcbEEppEv called 0 returned 0% blocks executed 0%
    #####:  285:      operator++() _GLIBCXX_NOEXCEPT
        -:  286:      {
    #####:  287:	_M_node = _Rb_tree_increment(_M_node);
    #####:  288:	return *this;
    %%%%%:  288-block  0
        -:  289:      }
------------------
_ZNSt17_Rb_tree_iteratorISt4pairIKSt3setIiSt4lessIiESaIiEES0_IibEEEppEv:
function _ZNSt17_Rb_tree_iteratorISt4pairIKSt3setIiSt4lessIiESaIiEES0_IibEEEppEv called 0 returned 0% blocks executed 0%
    #####:  285:      operator++() _GLIBCXX_NOEXCEPT
        -:  286:      {
    #####:  287:	_M_node = _Rb_tree_increment(_M_node);
    #####:  288:	return *this;
    %%%%%:  288-block  0
        -:  289:      }
------------------
_ZNSt17_Rb_tree_iteratorISt4pairIKiS0_IciEEEppEv:
function _ZNSt17_Rb_tree_iteratorISt4pairIKiS0_IciEEEppEv called 2989 returned 100% blocks executed 100%
     2989:  285:      operator++() _GLIBCXX_NOEXCEPT
        -:  286:      {
     2989:  287:	_M_node = _Rb_tree_increment(_M_node);
     2989:  288:	return *this;
     2989:  288-block  0
        -:  289:      }
------------------
        -:  290:
        -:  291:      _Self
        -:  292:      operator++(int) _GLIBCXX_NOEXCEPT
        -:  293:      {
        -:  294:	_Self __tmp = *this;
        -:  295:	_M_node = _Rb_tree_increment(_M_node);
        -:  296:	return __tmp;
        -:  297:      }
        -:  298:
        -:  299:      _Self&
      30*:  300:      operator--() _GLIBCXX_NOEXCEPT
        -:  301:      {
      30*:  302:	_M_node = _Rb_tree_decrement(_M_node);
      30*:  303:	return *this;
        -:  304:      }
------------------
_ZNSt17_Rb_tree_iteratorISt4pairIKiS0_IciEEEmmEv:
function _ZNSt17_Rb_tree_iteratorISt4pairIKiS0_IciEEEmmEv called 0 returned 0% blocks executed 0%
    #####:  300:      operator--() _GLIBCXX_NOEXCEPT
        -:  301:      {
    #####:  302:	_M_node = _Rb_tree_decrement(_M_node);
    #####:  303:	return *this;
    %%%%%:  303-block  0
        -:  304:      }
------------------
_ZNSt17_Rb_tree_iteratorISt4pairIKcbEEmmEv:
function _ZNSt17_Rb_tree_iteratorISt4pairIKcbEEmmEv called 0 returned 0% blocks executed 0%
    #####:  300:      operator--() _GLIBCXX_NOEXCEPT
        -:  301:      {
    #####:  302:	_M_node = _Rb_tree_decrement(_M_node);
    #####:  303:	return *this;
    %%%%%:  303-block  0
        -:  304:      }
------------------
_ZNSt17_Rb_tree_iteratorISt4pairIKSt3setIiSt4lessIiESaIiEES0_IibEEEmmEv:
function _ZNSt17_Rb_tree_iteratorISt4pairIKSt3setIiSt4lessIiESaIiEES0_IibEEEmmEv called 19 returned 100% blocks executed 100%
       19:  300:      operator--() _GLIBCXX_NOEXCEPT
        -:  301:      {
       19:  302:	_M_node = _Rb_tree_decrement(_M_node);
       19:  303:	return *this;
       19:  303-block  0
        -:  304:      }
------------------
_ZNSt17_Rb_tree_iteratorIiEmmEv:
function _ZNSt17_Rb_tree_iteratorIiEmmEv called 11 returned 100% blocks executed 100%
       11:  300:      operator--() _GLIBCXX_NOEXCEPT
        -:  301:      {
       11:  302:	_M_node = _Rb_tree_decrement(_M_node);
       11:  303:	return *this;
       11:  303-block  0
        -:  304:      }
------------------
        -:  305:
        -:  306:      _Self
        -:  307:      operator--(int) _GLIBCXX_NOEXCEPT
        -:  308:      {
        -:  309:	_Self __tmp = *this;
        -:  310:	_M_node = _Rb_tree_decrement(_M_node);
        -:  311:	return __tmp;
        -:  312:      }
        -:  313:
        -:  314:      friend bool
     2148:  315:      operator==(const _Self& __x, const _Self& __y) _GLIBCXX_NOEXCEPT
     2148:  316:      { return __x._M_node == __y._M_node; }
------------------
_ZSteqRKSt17_Rb_tree_iteratorIiES2_:
function _ZSteqRKSt17_Rb_tree_iteratorIiES2_ called 716 returned 100% blocks executed 100%
      716:  315:      operator==(const _Self& __x, const _Self& __y) _GLIBCXX_NOEXCEPT
      716:  316:      { return __x._M_node == __y._M_node; }
      716:  316-block  0
------------------
_ZSteqRKSt17_Rb_tree_iteratorISt4pairIKcbEES5_:
function _ZSteqRKSt17_Rb_tree_iteratorISt4pairIKcbEES5_ called 412 returned 100% blocks executed 100%
      412:  315:      operator==(const _Self& __x, const _Self& __y) _GLIBCXX_NOEXCEPT
      412:  316:      { return __x._M_node == __y._M_node; }
      412:  316-block  0
------------------
_ZSteqRKSt17_Rb_tree_iteratorISt4pairIKSt3setIiSt4lessIiESaIiEES0_IibEEESB_:
function _ZSteqRKSt17_Rb_tree_iteratorISt4pairIKSt3setIiSt4lessIiESaIiEES0_IibEEESB_ called 1020 returned 100% blocks executed 100%
     1020:  315:      operator==(const _Self& __x, const _Self& __y) _GLIBCXX_NOEXCEPT
     1020:  316:      { return __x._M_node == __y._M_node; }
     1020:  316-block  0
------------------
        -:  317:
        -:  318:#if ! __cpp_lib_three_way_comparison
        -:  319:      friend bool
function _ZStneRKSt17_Rb_tree_iteratorISt4pairIKiS0_IciEEES6_ called 3959 returned 100% blocks executed 100%
     3959:  320:      operator!=(const _Self& __x, const _Self& __y) _GLIBCXX_NOEXCEPT
     3959:  321:      { return __x._M_node != __y._M_node; }
     3959:  321-block  0
        -:  322:#endif
        -:  323:
        -:  324:      _Base_ptr _M_node;
        -:  325:  };
        -:  326:
        -:  327:  template<typename _Tp>
        -:  328:    struct _Rb_tree_const_iterator
        -:  329:    {
        -:  330:      typedef _Tp	 value_type;
        -:  331:      typedef const _Tp& reference;
        -:  332:      typedef const _Tp* pointer;
        -:  333:
        -:  334:      typedef _Rb_tree_iterator<_Tp> iterator;
        -:  335:
        -:  336:      typedef bidirectional_iterator_tag iterator_category;
        -:  337:      typedef ptrdiff_t			 difference_type;
        -:  338:
        -:  339:      typedef _Rb_tree_const_iterator<_Tp>		_Self;
        -:  340:      typedef _Rb_tree_node_base::_Const_Base_ptr	_Base_ptr;
        -:  341:      typedef const _Rb_tree_node<_Tp>*			_Link_type;
        -:  342:
function _ZNSt23_Rb_tree_const_iteratorIiEC2Ev called 101 returned 100% blocks executed 100%
      101:  343:      _Rb_tree_const_iterator() _GLIBCXX_NOEXCEPT
      101:  344:      : _M_node() { }
        -:  345:
        -:  346:      explicit
function _ZNSt23_Rb_tree_const_iteratorIiEC2EPKSt18_Rb_tree_node_base called 15719 returned 100% blocks executed 100%
    15719:  347:      _Rb_tree_const_iterator(_Base_ptr __x) _GLIBCXX_NOEXCEPT
    15719:  348:      : _M_node(__x) { }
        -:  349:
    1305*:  350:      _Rb_tree_const_iterator(const iterator& __it) _GLIBCXX_NOEXCEPT
    1305*:  351:      : _M_node(__it._M_node) { }
------------------
_ZNSt23_Rb_tree_const_iteratorISt4pairIKiS0_IciEEEC2ERKSt17_Rb_tree_iteratorIS3_E:
function _ZNSt23_Rb_tree_const_iteratorISt4pairIKiS0_IciEEEC2ERKSt17_Rb_tree_iteratorIS3_E called 543 returned 100% blocks executed 100%
      543:  350:      _Rb_tree_const_iterator(const iterator& __it) _GLIBCXX_NOEXCEPT
      543:  351:      : _M_node(__it._M_node) { }
------------------
_ZNSt23_Rb_tree_const_iteratorISt4pairIKcbEEC2ERKSt17_Rb_tree_iteratorIS2_E:
function _ZNSt23_Rb_tree_const_iteratorISt4pairIKcbEEC2ERKSt17_Rb_tree_iteratorIS2_E called 0 returned 0% blocks executed 0%
    #####:  350:      _Rb_tree_const_iterator(const iterator& __it) _GLIBCXX_NOEXCEPT
    #####:  351:      : _M_node(__it._M_node) { }
------------------
_ZNSt23_Rb_tree_const_iteratorISt4pairIKSt3setIiSt4lessIiESaIiEES0_IibEEEC2ERKSt17_Rb_tree_iteratorIS8_E:
function _ZNSt23_Rb_tree_const_iteratorISt4pairIKSt3setIiSt4lessIiESaIiEES0_IibEEEC2ERKSt17_Rb_tree_iteratorIS8_E called 0 returned 0% blocks executed 0%
    #####:  350:      _Rb_tree_const_iterator(const iterator& __it) _GLIBCXX_NOEXCEPT
    #####:  351:      : _M_node(__it._M_node) { }
------------------
_ZNSt23_Rb_tree_const_iteratorIiEC2ERKSt17_Rb_tree_iteratorIiE:
function _ZNSt23_Rb_tree_const_iteratorIiEC2ERKSt17_Rb_tree_iteratorIiE called 762 returned 100% blocks executed 100%
      762:  350:      _Rb_tree_const_iterator(const iterator& __it) _GLIBCXX_NOEXCEPT
      762:  351:      : _M_node(__it._M_node) { }
------------------
        -:  352:
        -:  353:      iterator
     385*:  354:      _M_const_cast() const _GLIBCXX_NOEXCEPT
     385*:  355:      { return iterator(const_cast<typename iterator::_Base_ptr>(_M_node)); }
------------------
_ZNKSt23_Rb_tree_const_iteratorISt4pairIKiS0_IciEEE13_M_const_castEv:
function _ZNKSt23_Rb_tree_const_iteratorISt4pairIKiS0_IciEEE13_M_const_castEv called 346 returned 100% blocks executed 100%
      346:  354:      _M_const_cast() const _GLIBCXX_NOEXCEPT
      346:  355:      { return iterator(const_cast<typename iterator::_Base_ptr>(_M_node)); }
      346:  355-block  0
call    0 returned 346
------------------
_ZNKSt23_Rb_tree_const_iteratorIiE13_M_const_castEv:
function _ZNKSt23_Rb_tree_const_iteratorIiE13_M_const_castEv called 39 returned 100% blocks executed 100%
       39:  354:      _M_const_cast() const _GLIBCXX_NOEXCEPT
       39:  355:      { return iterator(const_cast<typename iterator::_Base_ptr>(_M_node)); }
       39:  355-block  0
call    0 returned 39
------------------
_ZNKSt23_Rb_tree_const_iteratorISt4pairIKcbEE13_M_const_castEv:
function _ZNKSt23_Rb_tree_const_iteratorISt4pairIKcbEE13_M_const_castEv called 0 returned 0% blocks executed 0%
    #####:  354:      _M_const_cast() const _GLIBCXX_NOEXCEPT
    #####:  355:      { return iterator(const_cast<typename iterator::_Base_ptr>(_M_node)); }
    %%%%%:  355-block  0
call    0 never executed
------------------
_ZNKSt23_Rb_tree_const_iteratorISt4pairIKSt3setIiSt4lessIiESaIiEES0_IibEEE13_M_const_castEv:
function _ZNKSt23_Rb_tree_const_iteratorISt4pairIKSt3setIiSt4lessIiESaIiEES0_IibEEE13_M_const_castEv called 0 returned 0% blocks executed 0%
    #####:  354:      _M_const_cast() const _GLIBCXX_NOEXCEPT
    #####:  355:      { return iterator(const_cast<typename iterator::_Base_ptr>(_M_node)); }
    %%%%%:  355-block  0
call    0 never executed
------------------
        -:  356:
        -:  357:      reference
function _ZNKSt23_Rb_tree_const_iteratorIiEdeEv called 12059 returned 100% blocks executed 100%
    12059:  358:      operator*() const _GLIBCXX_NOEXCEPT
    12059:  359:      { return *static_cast<_Link_type>(_M_node)->_M_valptr(); }
    12059:  359-block  0
call    0 returned 12059
        -:  360:
        -:  361:      pointer
        -:  362:      operator->() const _GLIBCXX_NOEXCEPT
        -:  363:      { return static_cast<_Link_type>(_M_node)->_M_valptr(); }
        -:  364:
        -:  365:      _Self&
function _ZNSt23_Rb_tree_const_iteratorIiEppEv called 3074 returned 100% blocks executed 100%
     3074:  366:      operator++() _GLIBCXX_NOEXCEPT
        -:  367:      {
     3074:  368:	_M_node = _Rb_tree_increment(_M_node);
     3074:  369:	return *this;
     3074:  369-block  0
        -:  370:      }
        -:  371:
        -:  372:      _Self
        -:  373:      operator++(int) _GLIBCXX_NOEXCEPT
        -:  374:      {
        -:  375:	_Self __tmp = *this;
        -:  376:	_M_node = _Rb_tree_increment(_M_node);
        -:  377:	return __tmp;
        -:  378:      }
        -:  379:
        -:  380:      _Self&
        -:  381:      operator--() _GLIBCXX_NOEXCEPT
        -:  382:      {
        -:  383:	_M_node = _Rb_tree_decrement(_M_node);
        -:  384:	return *this;
        -:  385:      }
        -:  386:
        -:  387:      _Self
        -:  388:      operator--(int) _GLIBCXX_NOEXCEPT
        -:  389:      {
        -:  390:	_Self __tmp = *this;
        -:  391:	_M_node = _Rb_tree_decrement(_M_node);
        -:  392:	return __tmp;
        -:  393:      }
        -:  394:
        -:  395:      friend bool
function _ZSteqRKSt23_Rb_tree_const_iteratorIiES2_ called 1266 returned 100% blocks executed 100%
     1266:  396:      operator==(const _Self& __x, const _Self& __y) _GLIBCXX_NOEXCEPT
     1266:  397:      { return __x._M_node == __y._M_node; }
     1266:  397-block  0
        -:  398:
        -:  399:#if ! __cpp_lib_three_way_comparison
        -:  400:      friend bool
function _ZStneRKSt23_Rb_tree_const_iteratorIiES2_ called 11089 returned 100% blocks executed 100%
    11089:  401:      operator!=(const _Self& __x, const _Self& __y) _GLIBCXX_NOEXCEPT
    11089:  402:      { return __x._M_node != __y._M_node; }
    11089:  402-block  0
        -:  403:#endif
        -:  404:
        -:  405:      _Base_ptr _M_node;
        -:  406:    };
        -:  407:
        -:  408:  void
        -:  409:  _Rb_tree_insert_and_rebalance(const bool __insert_left,
        -:  410:				_Rb_tree_node_base* __x,
        -:  411:				_Rb_tree_node_base* __p,
        -:  412:				_Rb_tree_node_base& __header) throw ();
        -:  413:
        -:  414:  _Rb_tree_node_base*
        -:  415:  _Rb_tree_rebalance_for_erase(_Rb_tree_node_base* const __z,
        -:  416:			       _Rb_tree_node_base& __header) throw ();
        -:  417:
        -:  418:#if __cplusplus >= 201402L
        -:  419:  template<typename _Cmp, typename _SfinaeType, typename = __void_t<>>
        -:  420:    struct __has_is_transparent
        -:  421:    { };
        -:  422:
        -:  423:  template<typename _Cmp, typename _SfinaeType>
        -:  424:    struct __has_is_transparent<_Cmp, _SfinaeType,
        -:  425:				__void_t<typename _Cmp::is_transparent>>
        -:  426:    { typedef void type; };
        -:  427:
        -:  428:  template<typename _Cmp, typename _SfinaeType>
        -:  429:    using __has_is_transparent_t
        -:  430:      = typename __has_is_transparent<_Cmp, _SfinaeType>::type;
        -:  431:#endif
        -:  432:
        -:  433:#if __cplusplus > 201402L
        -:  434:  template<typename _Tree1, typename _Cmp2>
        -:  435:    struct _Rb_tree_merge_helper { };
        -:  436:#endif
        -:  437:
        -:  438:  template<typename _Key, typename _Val, typename _KeyOfValue,
        -:  439:	   typename _Compare, typename _Alloc = allocator<_Val> >
        -:  440:    class _Rb_tree
        -:  441:    {
        -:  442:      typedef typename __gnu_cxx::__alloc_traits<_Alloc>::template
        -:  443:	rebind<_Rb_tree_node<_Val> >::other _Node_allocator;
        -:  444:
        -:  445:      typedef __gnu_cxx::__alloc_traits<_Node_allocator> _Alloc_traits;
        -:  446:
        -:  447:    protected:
        -:  448:      typedef _Rb_tree_node_base* 		_Base_ptr;
        -:  449:      typedef const _Rb_tree_node_base* 	_Const_Base_ptr;
        -:  450:      typedef _Rb_tree_node<_Val>* 		_Link_type;
        -:  451:      typedef const _Rb_tree_node<_Val>*	_Const_Link_type;
        -:  452:
        -:  453:    private:
        -:  454:      // Functor recycling a pool of nodes and using allocation once the pool
        -:  455:      // is empty.
        -:  456:      struct _Reuse_or_alloc_node
        -:  457:      {
function _ZNSt8_Rb_treeIiiSt9_IdentityIiESt4lessIiESaIiEE20_Reuse_or_alloc_nodeC2ERS5_ called 78 returned 100% blocks executed 86%
       78:  458:	_Reuse_or_alloc_node(_Rb_tree& __t)
       78:  459:	: _M_root(__t._M_root()), _M_nodes(__t._M_rightmost()), _M_t(__t)
       78:  459-block  0
call    0 returned 78
call    1 returned 78
        -:  460:	{
       78:  461:	  if (_M_root)
branch  0 taken 78 (fallthrough)
branch  1 taken 0
        -:  462:	    {
       78:  463:	      _M_root->_M_parent = 0;
        -:  464:
       78:  465:	      if (_M_nodes->_M_left)
       78:  465-block  0
branch  0 taken 13 (fallthrough)
branch  1 taken 65
       13:  466:		_M_nodes = _M_nodes->_M_left;
       13:  466-block  0
        -:  467:	    }
        -:  468:	  else
    #####:  469:	    _M_nodes = 0;
    %%%%%:  469-block  0
       78:  470:	}
        -:  471:
        -:  472:#if __cplusplus >= 201103L
        -:  473:	_Reuse_or_alloc_node(const _Reuse_or_alloc_node&) = delete;
        -:  474:#endif
        -:  475:
function _ZNSt8_Rb_treeIiiSt9_IdentityIiESt4lessIiESaIiEE20_Reuse_or_alloc_nodeD2Ev called 78 returned 100% blocks executed 100%
       78:  476:	~_Reuse_or_alloc_node()
       78:  477:	{ _M_t._M_erase(static_cast<_Link_type>(_M_root)); }
       78:  477-block  0
call    0 returned 78
        -:  478:
        -:  479:	template<typename _Arg>
        -:  480:	  _Link_type
        -:  481:#if __cplusplus < 201103L
        -:  482:	  operator()(const _Arg& __arg)
        -:  483:#else
function _ZNSt8_Rb_treeIiiSt9_IdentityIiESt4lessIiESaIiEE20_Reuse_or_alloc_nodeclIRKiEEPSt13_Rb_tree_nodeIiEOT_ called 79 returned 100% blocks executed 100%
       79:  484:	  operator()(_Arg&& __arg)
        -:  485:#endif
        -:  486:	  {
       79:  487:	    _Link_type __node = static_cast<_Link_type>(_M_extract());
       79:  487-block  0
call    0 returned 79
       79:  488:	    if (__node)
branch  0 taken 78 (fallthrough)
branch  1 taken 1
        -:  489:	      {
       78:  490:		_M_t._M_destroy_node(__node);
       78:  490-block  0
call    0 returned 78
       78:  491:		_M_t._M_construct_node(__node, _GLIBCXX_FORWARD(_Arg, __arg));
call    0 returned 78
call    1 returned 78
       78:  492:		return __node;
        -:  493:	      }
        -:  494:
        1:  495:	    return _M_t._M_create_node(_GLIBCXX_FORWARD(_Arg, __arg));
        1:  495-block  0
call    0 returned 1
call    1 returned 1
        -:  496:	  }
        -:  497:
        -:  498:      private:
        -:  499:	_Base_ptr
function _ZNSt8_Rb_treeIiiSt9_IdentityIiESt4lessIiESaIiEE20_Reuse_or_alloc_node10_M_extractEv called 79 returned 100% blocks executed 57%
       79:  500:	_M_extract()
        -:  501:	{
       79:  502:	  if (!_M_nodes)
       79:  502-block  0
branch  0 taken 1 (fallthrough)
branch  1 taken 78
        1:  503:	    return _M_nodes;
        1:  503-block  0
        -:  504:
       78:  505:	  _Base_ptr __node = _M_nodes;
       78:  506:	  _M_nodes = _M_nodes->_M_parent;
       78:  507:	  if (_M_nodes)
       78:  507-block  0
branch  0 taken 13 (fallthrough)
branch  1 taken 65
        -:  508:	    {
       13:  509:	      if (_M_nodes->_M_right == __node)
       13:  509-block  0
branch  0 taken 0 (fallthrough)
branch  1 taken 13
        -:  510:		{
    #####:  511:		  _M_nodes->_M_right = 0;
        -:  512:
    #####:  513:		  if (_M_nodes->_M_left)
    %%%%%:  513-block  0
branch  0 never executed
branch  1 never executed
        -:  514:		    {
    #####:  515:		      _M_nodes = _M_nodes->_M_left;
    %%%%%:  515-block  0
        -:  516:
    #####:  517:		      while (_M_nodes->_M_right)
    %%%%%:  517-block  0
branch  0 never executed
branch  1 never executed
    #####:  518:			_M_nodes = _M_nodes->_M_right;
    %%%%%:  518-block  0
        -:  519:
    #####:  520:		      if (_M_nodes->_M_left)
    %%%%%:  520-block  0
branch  0 never executed
branch  1 never executed
    #####:  521:			_M_nodes = _M_nodes->_M_left;
    %%%%%:  521-block  0
        -:  522:		    }
        -:  523:		}
        -:  524:	      else // __node is on the left.
       13:  525:		_M_nodes->_M_left = 0;
       13:  525-block  0
        -:  526:	    }
        -:  527:	  else
       65:  528:	    _M_root = 0;
       65:  528-block  0
        -:  529:
       78:  530:	  return __node;
       78:  530-block  0
        -:  531:	}
        -:  532:
        -:  533:	_Base_ptr _M_root;
        -:  534:	_Base_ptr _M_nodes;
        -:  535:	_Rb_tree& _M_t;
        -:  536:      };
        -:  537:
        -:  538:      // Functor similar to the previous one but without any pool of nodes to
        -:  539:      // recycle.
        -:  540:      struct _Alloc_node
        -:  541:      {
     1557:  542:	_Alloc_node(_Rb_tree& __t)
     1557:  543:	: _M_t(__t) { }
------------------
_ZNSt8_Rb_treeIcSt4pairIKcbESt10_Select1stIS2_ESt4lessIcESaIS2_EE11_Alloc_nodeC2ERS8_:
function _ZNSt8_Rb_treeIcSt4pairIKcbESt10_Select1stIS2_ESt4lessIcESaIS2_EE11_Alloc_nodeC2ERS8_ called 171 returned 100% blocks executed 100%
      171:  542:	_Alloc_node(_Rb_tree& __t)
      171:  543:	: _M_t(__t) { }
------------------
_ZNSt8_Rb_treeISt3setIiSt4lessIiESaIiEESt4pairIKS4_S5_IibEESt10_Select1stIS8_ES1_IS4_ESaIS8_EE11_Alloc_nodeC2ERSD_:
function _ZNSt8_Rb_treeISt3setIiSt4lessIiESaIiEESt4pairIKS4_S5_IibEESt10_Select1stIS8_ES1_IS4_ESaIS8_EE11_Alloc_nodeC2ERSD_ called 75 returned 100% blocks executed 100%
       75:  542:	_Alloc_node(_Rb_tree& __t)
       75:  543:	: _M_t(__t) { }
------------------
_ZNSt8_Rb_treeIiSt4pairIKiS0_IciEESt10_Select1stIS3_ESt4lessIiESaIS3_EE11_Alloc_nodeC2ERS9_:
function _ZNSt8_Rb_treeIiSt4pairIKiS0_IciEESt10_Select1stIS3_ESt4lessIiESaIS3_EE11_Alloc_nodeC2ERS9_ called 643 returned 100% blocks executed 100%
      643:  542:	_Alloc_node(_Rb_tree& __t)
      643:  543:	: _M_t(__t) { }
------------------
_ZNSt8_Rb_treeIiiSt9_IdentityIiESt4lessIiESaIiEE11_Alloc_nodeC2ERS5_:
function _ZNSt8_Rb_treeIiiSt9_IdentityIiESt4lessIiESaIiEE11_Alloc_nodeC2ERS5_ called 668 returned 100% blocks executed 100%
      668:  542:	_Alloc_node(_Rb_tree& __t)
      668:  543:	: _M_t(__t) { }
------------------
        -:  544:
        -:  545:	template<typename _Arg>
        -:  546:	  _Link_type
        -:  547:#if __cplusplus < 201103L
        -:  548:	  operator()(const _Arg& __arg) const
        -:  549:#else
     1850:  550:	  operator()(_Arg&& __arg) const
        -:  551:#endif
     1850:  552:	  { return _M_t._M_create_node(_GLIBCXX_FORWARD(_Arg, __arg)); }
------------------
_ZNKSt8_Rb_treeIiSt4pairIKiS0_IciEESt10_Select1stIS3_ESt4lessIiESaIS3_EE11_Alloc_nodeclIRS3_EEPSt13_Rb_tree_nodeIS3_EOT_:
function _ZNKSt8_Rb_treeIiSt4pairIKiS0_IciEESt10_Select1stIS3_ESt4lessIiESaIS3_EE11_Alloc_nodeclIRS3_EEPSt13_Rb_tree_nodeIS3_EOT_ called 346 returned 100% blocks executed 100%
      346:  550:	  operator()(_Arg&& __arg) const
        -:  551:#endif
      346:  552:	  { return _M_t._M_create_node(_GLIBCXX_FORWARD(_Arg, __arg)); }
      346:  552-block  0
call    0 returned 346
call    1 returned 346
------------------
_ZNKSt8_Rb_treeIcSt4pairIKcbESt10_Select1stIS2_ESt4lessIcESaIS2_EE11_Alloc_nodeclIS2_EEPSt13_Rb_tree_nodeIS2_EOT_:
function _ZNKSt8_Rb_treeIcSt4pairIKcbESt10_Select1stIS2_ESt4lessIcESaIS2_EE11_Alloc_nodeclIS2_EEPSt13_Rb_tree_nodeIS2_EOT_ called 171 returned 100% blocks executed 100%
      171:  550:	  operator()(_Arg&& __arg) const
        -:  551:#endif
      171:  552:	  { return _M_t._M_create_node(_GLIBCXX_FORWARD(_Arg, __arg)); }
      171:  552-block  0
call    0 returned 171
call    1 returned 171
------------------
_ZNKSt8_Rb_treeIiiSt9_IdentityIiESt4lessIiESaIiEE11_Alloc_nodeclIiEEPSt13_Rb_tree_nodeIiEOT_:
function _ZNKSt8_Rb_treeIiiSt9_IdentityIiESt4lessIiESaIiEE11_Alloc_nodeclIiEEPSt13_Rb_tree_nodeIiEOT_ called 95 returned 100% blocks executed 100%
       95:  550:	  operator()(_Arg&& __arg) const
        -:  551:#endif
       95:  552:	  { return _M_t._M_create_node(_GLIBCXX_FORWARD(_Arg, __arg)); }
       95:  552-block  0
call    0 returned 95
call    1 returned 95
------------------
_ZNKSt8_Rb_treeISt3setIiSt4lessIiESaIiEESt4pairIKS4_S5_IibEESt10_Select1stIS8_ES1_IS4_ESaIS8_EE11_Alloc_nodeclIS8_EEPSt13_Rb_tree_nodeIS8_EOT_:
function _ZNKSt8_Rb_treeISt3setIiSt4lessIiESaIiEESt4pairIKS4_S5_IibEESt10_Select1stIS8_ES1_IS4_ESaIS8_EE11_Alloc_nodeclIS8_EEPSt13_Rb_tree_nodeIS8_EOT_ called 75 returned 100% blocks executed 100%
       75:  550:	  operator()(_Arg&& __arg) const
        -:  551:#endif
       75:  552:	  { return _M_t._M_create_node(_GLIBCXX_FORWARD(_Arg, __arg)); }
       75:  552-block  0
call    0 returned 75
call    1 returned 75
------------------
_ZNKSt8_Rb_treeIiSt4pairIKiS0_IciEESt10_Select1stIS3_ESt4lessIiESaIS3_EE11_Alloc_nodeclIS3_EEPSt13_Rb_tree_nodeIS3_EOT_:
function _ZNKSt8_Rb_treeIiSt4pairIKiS0_IciEESt10_Select1stIS3_ESt4lessIiESaIS3_EE11_Alloc_nodeclIS3_EEPSt13_Rb_tree_nodeIS3_EOT_ called 562 returned 100% blocks executed 100%
      562:  550:	  operator()(_Arg&& __arg) const
        -:  551:#endif
      562:  552:	  { return _M_t._M_create_node(_GLIBCXX_FORWARD(_Arg, __arg)); }
      562:  552-block  0
call    0 returned 562
call    1 returned 562
------------------
_ZNKSt8_Rb_treeIiiSt9_IdentityIiESt4lessIiESaIiEE11_Alloc_nodeclIRKiEEPSt13_Rb_tree_nodeIiEOT_:
function _ZNKSt8_Rb_treeIiiSt9_IdentityIiESt4lessIiESaIiEE11_Alloc_nodeclIRKiEEPSt13_Rb_tree_nodeIiEOT_ called 601 returned 100% blocks executed 100%
      601:  550:	  operator()(_Arg&& __arg) const
        -:  551:#endif
      601:  552:	  { return _M_t._M_create_node(_GLIBCXX_FORWARD(_Arg, __arg)); }
      601:  552-block  0
call    0 returned 601
call    1 returned 601
------------------
        -:  553:
        -:  554:      private:
        -:  555:	_Rb_tree& _M_t;
        -:  556:      };
        -:  557:
        -:  558:    public:
        -:  559:      typedef _Key 				key_type;
        -:  560:      typedef _Val 				value_type;
        -:  561:      typedef value_type* 			pointer;
        -:  562:      typedef const value_type* 		const_pointer;
        -:  563:      typedef value_type& 			reference;
        -:  564:      typedef const value_type& 		const_reference;
        -:  565:      typedef size_t 				size_type;
        -:  566:      typedef ptrdiff_t 			difference_type;
        -:  567:      typedef _Alloc 				allocator_type;
        -:  568:
        -:  569:      _Node_allocator&
     6184:  570:      _M_get_Node_allocator() _GLIBCXX_NOEXCEPT
     6184:  571:      { return this->_M_impl; }
------------------
_ZNSt8_Rb_treeIcSt4pairIKcbESt10_Select1stIS2_ESt4lessIcESaIS2_EE21_M_get_Node_allocatorEv:
function _ZNSt8_Rb_treeIcSt4pairIKcbESt10_Select1stIS2_ESt4lessIcESaIS2_EE21_M_get_Node_allocatorEv called 684 returned 100% blocks executed 100%
      684:  570:      _M_get_Node_allocator() _GLIBCXX_NOEXCEPT
      684:  571:      { return this->_M_impl; }
      684:  571-block  0
------------------
_ZNSt8_Rb_treeISt3setIiSt4lessIiESaIiEESt4pairIKS4_S5_IibEESt10_Select1stIS8_ES1_IS4_ESaIS8_EE21_M_get_Node_allocatorEv:
function _ZNSt8_Rb_treeISt3setIiSt4lessIiESaIiEESt4pairIKS4_S5_IibEESt10_Select1stIS8_ES1_IS4_ESaIS8_EE21_M_get_Node_allocatorEv called 300 returned 100% blocks executed 100%
      300:  570:      _M_get_Node_allocator() _GLIBCXX_NOEXCEPT
      300:  571:      { return this->_M_impl; }
      300:  571-block  0
------------------
_ZNSt8_Rb_treeIiSt4pairIKiS0_IciEESt10_Select1stIS3_ESt4lessIiESaIS3_EE21_M_get_Node_allocatorEv:
function _ZNSt8_Rb_treeIiSt4pairIKiS0_IciEESt10_Select1stIS3_ESt4lessIiESaIS3_EE21_M_get_Node_allocatorEv called 2546 returned 100% blocks executed 100%
     2546:  570:      _M_get_Node_allocator() _GLIBCXX_NOEXCEPT
     2546:  571:      { return this->_M_impl; }
     2546:  571-block  0
------------------
_ZNSt8_Rb_treeIiiSt9_IdentityIiESt4lessIiESaIiEE21_M_get_Node_allocatorEv:
function _ZNSt8_Rb_treeIiiSt9_IdentityIiESt4lessIiESaIiEE21_M_get_Node_allocatorEv called 2654 returned 100% blocks executed 100%
     2654:  570:      _M_get_Node_allocator() _GLIBCXX_NOEXCEPT
     2654:  571:      { return this->_M_impl; }
     2654:  571-block  0
------------------
        -:  572:
        -:  573:      const _Node_allocator&
function _ZNKSt8_Rb_treeIiiSt9_IdentityIiESt4lessIiESaIiEE21_M_get_Node_allocatorEv called 0 returned 0% blocks executed 0%
    #####:  574:      _M_get_Node_allocator() const _GLIBCXX_NOEXCEPT
    #####:  575:      { return this->_M_impl; }
    %%%%%:  575-block  0
        -:  576:
        -:  577:      allocator_type
        -:  578:      get_allocator() const _GLIBCXX_NOEXCEPT
        -:  579:      { return allocator_type(_M_get_Node_allocator()); }
        -:  580:
        -:  581:    protected:
        -:  582:      _Link_type
     2019:  583:      _M_get_node()
     2019:  584:      { return _Alloc_traits::allocate(_M_get_Node_allocator(), 1); }
------------------
_ZNSt8_Rb_treeIiiSt9_IdentityIiESt4lessIiESaIiEE11_M_get_nodeEv:
function _ZNSt8_Rb_treeIiiSt9_IdentityIiESt4lessIiESaIiEE11_M_get_nodeEv called 697 returned 100% blocks executed 100%
      697:  583:      _M_get_node()
      697:  584:      { return _Alloc_traits::allocate(_M_get_Node_allocator(), 1); }
      697:  584-block  0
call    0 returned 697
call    1 returned 697
------------------
_ZNSt8_Rb_treeIcSt4pairIKcbESt10_Select1stIS2_ESt4lessIcESaIS2_EE11_M_get_nodeEv:
function _ZNSt8_Rb_treeIcSt4pairIKcbESt10_Select1stIS2_ESt4lessIcESaIS2_EE11_M_get_nodeEv called 171 returned 100% blocks executed 100%
      171:  583:      _M_get_node()
      171:  584:      { return _Alloc_traits::allocate(_M_get_Node_allocator(), 1); }
      171:  584-block  0
call    0 returned 171
call    1 returned 171
------------------
_ZNSt8_Rb_treeIiSt4pairIKiS0_IciEESt10_Select1stIS3_ESt4lessIiESaIS3_EE11_M_get_nodeEv:
function _ZNSt8_Rb_treeIiSt4pairIKiS0_IciEESt10_Select1stIS3_ESt4lessIiESaIS3_EE11_M_get_nodeEv called 1076 returned 100% blocks executed 100%
     1076:  583:      _M_get_node()
     1076:  584:      { return _Alloc_traits::allocate(_M_get_Node_allocator(), 1); }
     1076:  584-block  0
call    0 returned 1076
call    1 returned 1076
------------------
_ZNSt8_Rb_treeISt3setIiSt4lessIiESaIiEESt4pairIKS4_S5_IibEESt10_Select1stIS8_ES1_IS4_ESaIS8_EE11_M_get_nodeEv:
function _ZNSt8_Rb_treeISt3setIiSt4lessIiESaIiEESt4pairIKS4_S5_IibEESt10_Select1stIS8_ES1_IS4_ESaIS8_EE11_M_get_nodeEv called 75 returned 100% blocks executed 100%
       75:  583:      _M_get_node()
       75:  584:      { return _Alloc_traits::allocate(_M_get_Node_allocator(), 1); }
       75:  584-block  0
call    0 returned 75
call    1 returned 75
------------------
        -:  585:
        -:  586:      void
      995:  587:      _M_put_node(_Link_type __p) _GLIBCXX_NOEXCEPT
      995:  588:      { _Alloc_traits::deallocate(_M_get_Node_allocator(), __p, 1); }
------------------
_ZNSt8_Rb_treeIcSt4pairIKcbESt10_Select1stIS2_ESt4lessIcESaIS2_EE11_M_put_nodeEPSt13_Rb_tree_nodeIS2_E:
function _ZNSt8_Rb_treeIcSt4pairIKcbESt10_Select1stIS2_ESt4lessIcESaIS2_EE11_M_put_nodeEPSt13_Rb_tree_nodeIS2_E called 171 returned 100% blocks executed 100%
      171:  587:      _M_put_node(_Link_type __p) _GLIBCXX_NOEXCEPT
      171:  588:      { _Alloc_traits::deallocate(_M_get_Node_allocator(), __p, 1); }
      171:  588-block  0
call    0 returned 171
call    1 returned 171
------------------
_ZNSt8_Rb_treeISt3setIiSt4lessIiESaIiEESt4pairIKS4_S5_IibEESt10_Select1stIS8_ES1_IS4_ESaIS8_EE11_M_put_nodeEPSt13_Rb_tree_nodeIS8_E:
function _ZNSt8_Rb_treeISt3setIiSt4lessIiESaIiEESt4pairIKS4_S5_IibEESt10_Select1stIS8_ES1_IS4_ESaIS8_EE11_M_put_nodeEPSt13_Rb_tree_nodeIS8_E called 75 returned 100% blocks executed 100%
       75:  587:      _M_put_node(_Link_type __p) _GLIBCXX_NOEXCEPT
       75:  588:      { _Alloc_traits::deallocate(_M_get_Node_allocator(), __p, 1); }
       75:  588-block  0
call    0 returned 75
call    1 returned 75
------------------
_ZNSt8_Rb_treeIiSt4pairIKiS0_IciEESt10_Select1stIS3_ESt4lessIiESaIS3_EE11_M_put_nodeEPSt13_Rb_tree_nodeIS3_E:
function _ZNSt8_Rb_treeIiSt4pairIKiS0_IciEESt10_Select1stIS3_ESt4lessIiESaIS3_EE11_M_put_nodeEPSt13_Rb_tree_nodeIS3_E called 197 returned 100% blocks executed 100%
      197:  587:      _M_put_node(_Link_type __p) _GLIBCXX_NOEXCEPT
      197:  588:      { _Alloc_traits::deallocate(_M_get_Node_allocator(), __p, 1); }
      197:  588-block  0
call    0 returned 197
call    1 returned 197
------------------
_ZNSt8_Rb_treeIiiSt9_IdentityIiESt4lessIiESaIiEE11_M_put_nodeEPSt13_Rb_tree_nodeIiE:
function _ZNSt8_Rb_treeIiiSt9_IdentityIiESt4lessIiESaIiEE11_M_put_nodeEPSt13_Rb_tree_nodeIiE called 552 returned 100% blocks executed 100%
      552:  587:      _M_put_node(_Link_type __p) _GLIBCXX_NOEXCEPT
      552:  588:      { _Alloc_traits::deallocate(_M_get_Node_allocator(), __p, 1); }
      552:  588-block  0
call    0 returned 552
call    1 returned 552
------------------
        -:  589:
        -:  590:#if __cplusplus < 201103L
        -:  591:      void
        -:  592:      _M_construct_node(_Link_type __node, const value_type& __x)
        -:  593:      {
        -:  594:	__try
        -:  595:	  { get_allocator().construct(__node->_M_valptr(), __x); }
        -:  596:	__catch(...)
        -:  597:	  {
        -:  598:	    _M_put_node(__node);
        -:  599:	    __throw_exception_again;
        -:  600:	  }
        -:  601:      }
        -:  602:
        -:  603:      _Link_type
        -:  604:      _M_create_node(const value_type& __x)
        -:  605:      {
        -:  606:	_Link_type __tmp = _M_get_node();
        -:  607:	_M_construct_node(__tmp, __x);
        -:  608:	return __tmp;
        -:  609:      }
        -:  610:#else
        -:  611:      template<typename... _Args>
        -:  612:	void
    2097*:  613:	_M_construct_node(_Link_type __node, _Args&&... __args)
        -:  614:	{
        -:  615:	  __try
        -:  616:	    {
    2097*:  617:	      ::new(__node) _Rb_tree_node<_Val>;
    2097*:  618:	      _Alloc_traits::construct(_M_get_Node_allocator(),
        -:  619:				       __node->_M_valptr(),
        -:  620:				       std::forward<_Args>(__args)...);
        -:  621:	    }
    =====:  622:	  __catch(...)
        -:  623:	    {
    =====:  624:	      __node->~_Rb_tree_node<_Val>();
    =====:  625:	      _M_put_node(__node);
    =====:  626:	      __throw_exception_again;
        -:  627:	    }
    2097*:  628:	}
------------------
_ZNSt8_Rb_treeIiSt4pairIKiS0_IciEESt10_Select1stIS3_ESt4lessIiESaIS3_EE17_M_construct_nodeIJRS3_EEEvPSt13_Rb_tree_nodeIS3_EDpOT_:
function _ZNSt8_Rb_treeIiSt4pairIKiS0_IciEESt10_Select1stIS3_ESt4lessIiESaIS3_EE17_M_construct_nodeIJRS3_EEEvPSt13_Rb_tree_nodeIS3_EDpOT_ called 346 returned 100% blocks executed 100%
      346:  613:	_M_construct_node(_Link_type __node, _Args&&... __args)
        -:  614:	{
        -:  615:	  __try
        -:  616:	    {
      346:  617:	      ::new(__node) _Rb_tree_node<_Val>;
      346:  617-block  0
call    0 returned 346
      346:  618:	      _Alloc_traits::construct(_M_get_Node_allocator(),
call    0 returned 346
call    1 returned 346
call    2 returned 346
call    3 returned 346
        -:  619:				       __node->_M_valptr(),
        -:  620:				       std::forward<_Args>(__args)...);
        -:  621:	    }
        -:  622:	  __catch(...)
        -:  623:	    {
        -:  624:	      __node->~_Rb_tree_node<_Val>();
        -:  625:	      _M_put_node(__node);
        -:  626:	      __throw_exception_again;
        -:  627:	    }
      346:  628:	}
------------------
_ZNSt8_Rb_treeIcSt4pairIKcbESt10_Select1stIS2_ESt4lessIcESaIS2_EE17_M_construct_nodeIJS2_EEEvPSt13_Rb_tree_nodeIS2_EDpOT_:
function _ZNSt8_Rb_treeIcSt4pairIKcbESt10_Select1stIS2_ESt4lessIcESaIS2_EE17_M_construct_nodeIJS2_EEEvPSt13_Rb_tree_nodeIS2_EDpOT_ called 171 returned 100% blocks executed 100%
      171:  613:	_M_construct_node(_Link_type __node, _Args&&... __args)
        -:  614:	{
        -:  615:	  __try
        -:  616:	    {
      171:  617:	      ::new(__node) _Rb_tree_node<_Val>;
      171:  617-block  0
call    0 returned 171
      171:  618:	      _Alloc_traits::construct(_M_get_Node_allocator(),
call    0 returned 171
call    1 returned 171
call    2 returned 171
call    3 returned 171
        -:  619:				       __node->_M_valptr(),
        -:  620:				       std::forward<_Args>(__args)...);
        -:  621:	    }
        -:  622:	  __catch(...)
        -:  623:	    {
        -:  624:	      __node->~_Rb_tree_node<_Val>();
        -:  625:	      _M_put_node(__node);
        -:  626:	      __throw_exception_again;
        -:  627:	    }
      171:  628:	}
------------------
_ZNSt8_Rb_treeIiiSt9_IdentityIiESt4lessIiESaIiEE17_M_construct_nodeIJiEEEvPSt13_Rb_tree_nodeIiEDpOT_:
function _ZNSt8_Rb_treeIiiSt9_IdentityIiESt4lessIiESaIiEE17_M_construct_nodeIJiEEEvPSt13_Rb_tree_nodeIiEDpOT_ called 95 returned 100% blocks executed 100%
       95:  613:	_M_construct_node(_Link_type __node, _Args&&... __args)
        -:  614:	{
        -:  615:	  __try
        -:  616:	    {
       95:  617:	      ::new(__node) _Rb_tree_node<_Val>;
       95:  617-block  0
call    0 returned 95
       95:  618:	      _Alloc_traits::construct(_M_get_Node_allocator(),
call    0 returned 95
call    1 returned 95
call    2 returned 95
call    3 returned 95
        -:  619:				       __node->_M_valptr(),
        -:  620:				       std::forward<_Args>(__args)...);
        -:  621:	    }
        -:  622:	  __catch(...)
        -:  623:	    {
        -:  624:	      __node->~_Rb_tree_node<_Val>();
        -:  625:	      _M_put_node(__node);
        -:  626:	      __throw_exception_again;
        -:  627:	    }
       95:  628:	}
------------------
_ZNSt8_Rb_treeISt3setIiSt4lessIiESaIiEESt4pairIKS4_S5_IibEESt10_Select1stIS8_ES1_IS4_ESaIS8_EE17_M_construct_nodeIJS8_EEEvPSt13_Rb_tree_nodeIS8_EDpOT_:
function _ZNSt8_Rb_treeISt3setIiSt4lessIiESaIiEESt4pairIKS4_S5_IibEESt10_Select1stIS8_ES1_IS4_ESaIS8_EE17_M_construct_nodeIJS8_EEEvPSt13_Rb_tree_nodeIS8_EDpOT_ called 75 returned 100% blocks executed 58%
       75:  613:	_M_construct_node(_Link_type __node, _Args&&... __args)
        -:  614:	{
        -:  615:	  __try
        -:  616:	    {
       75:  617:	      ::new(__node) _Rb_tree_node<_Val>;
       75:  617-block  0
call    0 returned 75
       75:  618:	      _Alloc_traits::construct(_M_get_Node_allocator(),
call    0 returned 75
call    1 returned 75
call    2 returned 75
call    3 returned 75
branch  4 taken 75 (fallthrough)
branch  5 taken 0 (throw)
        -:  619:				       __node->_M_valptr(),
        -:  620:				       std::forward<_Args>(__args)...);
        -:  621:	    }
    =====:  622:	  __catch(...)
    $$$$$:  622-block  0
    $$$$$:  622-block  1
call    0 never executed
    $$$$$:  622-block  2
call    1 never executed
        -:  623:	    {
    =====:  624:	      __node->~_Rb_tree_node<_Val>();
    =====:  625:	      _M_put_node(__node);
call    0 never executed
    =====:  626:	      __throw_exception_again;
call    0 never executed
        -:  627:	    }
       75:  628:	}
       75:  628-block  0
------------------
_ZNSt8_Rb_treeIiSt4pairIKiS0_IciEESt10_Select1stIS3_ESt4lessIiESaIS3_EE17_M_construct_nodeIJS3_EEEvPSt13_Rb_tree_nodeIS3_EDpOT_:
function _ZNSt8_Rb_treeIiSt4pairIKiS0_IciEESt10_Select1stIS3_ESt4lessIiESaIS3_EE17_M_construct_nodeIJS3_EEEvPSt13_Rb_tree_nodeIS3_EDpOT_ called 562 returned 100% blocks executed 100%
      562:  613:	_M_construct_node(_Link_type __node, _Args&&... __args)
        -:  614:	{
        -:  615:	  __try
        -:  616:	    {
      562:  617:	      ::new(__node) _Rb_tree_node<_Val>;
      562:  617-block  0
call    0 returned 562
      562:  618:	      _Alloc_traits::construct(_M_get_Node_allocator(),
call    0 returned 562
call    1 returned 562
call    2 returned 562
call    3 returned 562
        -:  619:				       __node->_M_valptr(),
        -:  620:				       std::forward<_Args>(__args)...);
        -:  621:	    }
        -:  622:	  __catch(...)
        -:  623:	    {
        -:  624:	      __node->~_Rb_tree_node<_Val>();
        -:  625:	      _M_put_node(__node);
        -:  626:	      __throw_exception_again;
        -:  627:	    }
      562:  628:	}
------------------
_ZNSt8_Rb_treeIiiSt9_IdentityIiESt4lessIiESaIiEE17_M_construct_nodeIJRKiEEEvPSt13_Rb_tree_nodeIiEDpOT_:
function _ZNSt8_Rb_treeIiiSt9_IdentityIiESt4lessIiESaIiEE17_M_construct_nodeIJRKiEEEvPSt13_Rb_tree_nodeIiEDpOT_ called 680 returned 100% blocks executed 100%
      680:  613:	_M_construct_node(_Link_type __node, _Args&&... __args)
        -:  614:	{
        -:  615:	  __try
        -:  616:	    {
      680:  617:	      ::new(__node) _Rb_tree_node<_Val>;
      680:  617-block  0
call    0 returned 680
      680:  618:	      _Alloc_traits::construct(_M_get_Node_allocator(),
call    0 returned 680
call    1 returned 680
call    2 returned 680
call    3 returned 680
        -:  619:				       __node->_M_valptr(),
        -:  620:				       std::forward<_Args>(__args)...);
        -:  621:	    }
        -:  622:	  __catch(...)
        -:  623:	    {
        -:  624:	      __node->~_Rb_tree_node<_Val>();
        -:  625:	      _M_put_node(__node);
        -:  626:	      __throw_exception_again;
        -:  627:	    }
      680:  628:	}
------------------
_ZNSt8_Rb_treeIcSt4pairIKcbESt10_Select1stIS2_ESt4lessIcESaIS2_EE17_M_construct_nodeIJRKSt21piecewise_construct_tSt5tupleIJOcEESD_IJEEEEEvPSt13_Rb_tree_nodeIS2_EDpOT_:
function _ZNSt8_Rb_treeIcSt4pairIKcbESt10_Select1stIS2_ESt4lessIcESaIS2_EE17_M_construct_nodeIJRKSt21piecewise_construct_tSt5tupleIJOcEESD_IJEEEEEvPSt13_Rb_tree_nodeIS2_EDpOT_ called 0 returned 0% blocks executed 0%
    #####:  613:	_M_construct_node(_Link_type __node, _Args&&... __args)
        -:  614:	{
        -:  615:	  __try
        -:  616:	    {
    #####:  617:	      ::new(__node) _Rb_tree_node<_Val>;
    %%%%%:  617-block  0
call    0 never executed
    #####:  618:	      _Alloc_traits::construct(_M_get_Node_allocator(),
call    0 never executed
call    1 never executed
call    2 never executed
call    3 never executed
call    4 never executed
call    5 never executed
branch  6 never executed
branch  7 never executed
        -:  619:				       __node->_M_valptr(),
        -:  620:				       std::forward<_Args>(__args)...);
        -:  621:	    }
    =====:  622:	  __catch(...)
    $$$$$:  622-block  0
    $$$$$:  622-block  1
call    0 never executed
    $$$$$:  622-block  2
call    1 never executed
        -:  623:	    {
    =====:  624:	      __node->~_Rb_tree_node<_Val>();
    =====:  625:	      _M_put_node(__node);
call    0 never executed
    =====:  626:	      __throw_exception_again;
call    0 never executed
        -:  627:	    }
    #####:  628:	}
    %%%%%:  628-block  0
------------------
_ZNSt8_Rb_treeIcSt4pairIKcbESt10_Select1stIS2_ESt4lessIcESaIS2_EE17_M_construct_nodeIJRKSt21piecewise_construct_tSt5tupleIJRS1_EESD_IJEEEEEvPSt13_Rb_tree_nodeIS2_EDpOT_:
function _ZNSt8_Rb_treeIcSt4pairIKcbESt10_Select1stIS2_ESt4lessIcESaIS2_EE17_M_construct_nodeIJRKSt21piecewise_construct_tSt5tupleIJRS1_EESD_IJEEEEEvPSt13_Rb_tree_nodeIS2_EDpOT_ called 0 returned 0% blocks executed 0%
    #####:  613:	_M_construct_node(_Link_type __node, _Args&&... __args)
        -:  614:	{
        -:  615:	  __try
        -:  616:	    {
    #####:  617:	      ::new(__node) _Rb_tree_node<_Val>;
    %%%%%:  617-block  0
call    0 never executed
    #####:  618:	      _Alloc_traits::construct(_M_get_Node_allocator(),
call    0 never executed
call    1 never executed
call    2 never executed
call    3 never executed
call    4 never executed
call    5 never executed
branch  6 never executed
branch  7 never executed
        -:  619:				       __node->_M_valptr(),
        -:  620:				       std::forward<_Args>(__args)...);
        -:  621:	    }
    =====:  622:	  __catch(...)
    $$$$$:  622-block  0
    $$$$$:  622-block  1
call    0 never executed
    $$$$$:  622-block  2
call    1 never executed
        -:  623:	    {
    =====:  624:	      __node->~_Rb_tree_node<_Val>();
    =====:  625:	      _M_put_node(__node);
call    0 never executed
    =====:  626:	      __throw_exception_again;
call    0 never executed
        -:  627:	    }
    #####:  628:	}
    %%%%%:  628-block  0
------------------
_ZNSt8_Rb_treeIiSt4pairIKiS0_IciEESt10_Select1stIS3_ESt4lessIiESaIS3_EE17_M_construct_nodeIJS0_IiS2_EEEEvPSt13_Rb_tree_nodeIS3_EDpOT_:
function _ZNSt8_Rb_treeIiSt4pairIKiS0_IciEESt10_Select1stIS3_ESt4lessIiESaIS3_EE17_M_construct_nodeIJS0_IiS2_EEEEvPSt13_Rb_tree_nodeIS3_EDpOT_ called 168 returned 100% blocks executed 58%
      168:  613:	_M_construct_node(_Link_type __node, _Args&&... __args)
        -:  614:	{
        -:  615:	  __try
        -:  616:	    {
      168:  617:	      ::new(__node) _Rb_tree_node<_Val>;
      168:  617-block  0
call    0 returned 168
      168:  618:	      _Alloc_traits::construct(_M_get_Node_allocator(),
call    0 returned 168
call    1 returned 168
call    2 returned 168
call    3 returned 168
branch  4 taken 168 (fallthrough)
branch  5 taken 0 (throw)
        -:  619:				       __node->_M_valptr(),
        -:  620:				       std::forward<_Args>(__args)...);
        -:  621:	    }
    =====:  622:	  __catch(...)
    $$$$$:  622-block  0
    $$$$$:  622-block  1
call    0 never executed
    $$$$$:  622-block  2
call    1 never executed
        -:  623:	    {
    =====:  624:	      __node->~_Rb_tree_node<_Val>();
    =====:  625:	      _M_put_node(__node);
call    0 never executed
    =====:  626:	      __throw_exception_again;
call    0 never executed
        -:  627:	    }
      168:  628:	}
      168:  628-block  0
------------------
_ZNSt8_Rb_treeISt3setIiSt4lessIiESaIiEESt4pairIKS4_S5_IibEESt10_Select1stIS8_ES1_IS4_ESaIS8_EE17_M_construct_nodeIJRKSt21piecewise_construct_tSt5tupleIJRS6_EESI_IJEEEEEvPSt13_Rb_tree_nodeIS8_EDpOT_:
function _ZNSt8_Rb_treeISt3setIiSt4lessIiESaIiEESt4pairIKS4_S5_IibEESt10_Select1stIS8_ES1_IS4_ESaIS8_EE17_M_construct_nodeIJRKSt21piecewise_construct_tSt5tupleIJRS6_EESI_IJEEEEEvPSt13_Rb_tree_nodeIS8_EDpOT_ called 0 returned 0% blocks executed 0%
    #####:  613:	_M_construct_node(_Link_type __node, _Args&&... __args)
        -:  614:	{
        -:  615:	  __try
        -:  616:	    {
    #####:  617:	      ::new(__node) _Rb_tree_node<_Val>;
    %%%%%:  617-block  0
call    0 never executed
    #####:  618:	      _Alloc_traits::construct(_M_get_Node_allocator(),
call    0 never executed
call    1 never executed
call    2 never executed
call    3 never executed
call    4 never executed
call    5 never executed
branch  6 never executed
branch  7 never executed
        -:  619:				       __node->_M_valptr(),
        -:  620:				       std::forward<_Args>(__args)...);
        -:  621:	    }
    =====:  622:	  __catch(...)
    $$$$$:  622-block  0
    $$$$$:  622-block  1
call    0 never executed
    $$$$$:  622-block  2
call    1 never executed
        -:  623:	    {
    =====:  624:	      __node->~_Rb_tree_node<_Val>();
    =====:  625:	      _M_put_node(__node);
call    0 never executed
    =====:  626:	      __throw_exception_again;
call    0 never executed
        -:  627:	    }
    #####:  628:	}
    %%%%%:  628-block  0
------------------
        -:  629:
        -:  630:      template<typename... _Args>
        -:  631:	_Link_type
    2019*:  632:	_M_create_node(_Args&&... __args)
        -:  633:	{
    2019*:  634:	  _Link_type __tmp = _M_get_node();
    2019*:  635:	  _M_construct_node(__tmp, std::forward<_Args>(__args)...);
    2019*:  636:	  return __tmp;
        -:  637:	}
------------------
_ZNSt8_Rb_treeIiSt4pairIKiS0_IciEESt10_Select1stIS3_ESt4lessIiESaIS3_EE14_M_create_nodeIJRS3_EEEPSt13_Rb_tree_nodeIS3_EDpOT_:
function _ZNSt8_Rb_treeIiSt4pairIKiS0_IciEESt10_Select1stIS3_ESt4lessIiESaIS3_EE14_M_create_nodeIJRS3_EEEPSt13_Rb_tree_nodeIS3_EDpOT_ called 346 returned 100% blocks executed 100%
      346:  632:	_M_create_node(_Args&&... __args)
        -:  633:	{
      346:  634:	  _Link_type __tmp = _M_get_node();
      346:  634-block  0
call    0 returned 346
      346:  635:	  _M_construct_node(__tmp, std::forward<_Args>(__args)...);
call    0 returned 346
call    1 returned 346
      346:  636:	  return __tmp;
        -:  637:	}
------------------
_ZNSt8_Rb_treeIcSt4pairIKcbESt10_Select1stIS2_ESt4lessIcESaIS2_EE14_M_create_nodeIJS2_EEEPSt13_Rb_tree_nodeIS2_EDpOT_:
function _ZNSt8_Rb_treeIcSt4pairIKcbESt10_Select1stIS2_ESt4lessIcESaIS2_EE14_M_create_nodeIJS2_EEEPSt13_Rb_tree_nodeIS2_EDpOT_ called 171 returned 100% blocks executed 100%
      171:  632:	_M_create_node(_Args&&... __args)
        -:  633:	{
      171:  634:	  _Link_type __tmp = _M_get_node();
      171:  634-block  0
call    0 returned 171
      171:  635:	  _M_construct_node(__tmp, std::forward<_Args>(__args)...);
call    0 returned 171
call    1 returned 171
      171:  636:	  return __tmp;
        -:  637:	}
------------------
_ZNSt8_Rb_treeIiiSt9_IdentityIiESt4lessIiESaIiEE14_M_create_nodeIJiEEEPSt13_Rb_tree_nodeIiEDpOT_:
function _ZNSt8_Rb_treeIiiSt9_IdentityIiESt4lessIiESaIiEE14_M_create_nodeIJiEEEPSt13_Rb_tree_nodeIiEDpOT_ called 95 returned 100% blocks executed 100%
       95:  632:	_M_create_node(_Args&&... __args)
        -:  633:	{
       95:  634:	  _Link_type __tmp = _M_get_node();
       95:  634-block  0
call    0 returned 95
       95:  635:	  _M_construct_node(__tmp, std::forward<_Args>(__args)...);
call    0 returned 95
call    1 returned 95
       95:  636:	  return __tmp;
        -:  637:	}
------------------
_ZNSt8_Rb_treeISt3setIiSt4lessIiESaIiEESt4pairIKS4_S5_IibEESt10_Select1stIS8_ES1_IS4_ESaIS8_EE14_M_create_nodeIJS8_EEEPSt13_Rb_tree_nodeIS8_EDpOT_:
function _ZNSt8_Rb_treeISt3setIiSt4lessIiESaIiEESt4pairIKS4_S5_IibEESt10_Select1stIS8_ES1_IS4_ESaIS8_EE14_M_create_nodeIJS8_EEEPSt13_Rb_tree_nodeIS8_EDpOT_ called 75 returned 100% blocks executed 100%
       75:  632:	_M_create_node(_Args&&... __args)
        -:  633:	{
       75:  634:	  _Link_type __tmp = _M_get_node();
       75:  634-block  0
call    0 returned 75
       75:  635:	  _M_construct_node(__tmp, std::forward<_Args>(__args)...);
call    0 returned 75
call    1 returned 75
       75:  636:	  return __tmp;
        -:  637:	}
------------------
_ZNSt8_Rb_treeIiSt4pairIKiS0_IciEESt10_Select1stIS3_ESt4lessIiESaIS3_EE14_M_create_nodeIJS3_EEEPSt13_Rb_tree_nodeIS3_EDpOT_:
function _ZNSt8_Rb_treeIiSt4pairIKiS0_IciEESt10_Select1stIS3_ESt4lessIiESaIS3_EE14_M_create_nodeIJS3_EEEPSt13_Rb_tree_nodeIS3_EDpOT_ called 562 returned 100% blocks executed 100%
      562:  632:	_M_create_node(_Args&&... __args)
        -:  633:	{
      562:  634:	  _Link_type __tmp = _M_get_node();
      562:  634-block  0
call    0 returned 562
      562:  635:	  _M_construct_node(__tmp, std::forward<_Args>(__args)...);
call    0 returned 562
call    1 returned 562
      562:  636:	  return __tmp;
        -:  637:	}
------------------
_ZNSt8_Rb_treeIiiSt9_IdentityIiESt4lessIiESaIiEE14_M_create_nodeIJRKiEEEPSt13_Rb_tree_nodeIiEDpOT_:
function _ZNSt8_Rb_treeIiiSt9_IdentityIiESt4lessIiESaIiEE14_M_create_nodeIJRKiEEEPSt13_Rb_tree_nodeIiEDpOT_ called 602 returned 100% blocks executed 100%
      602:  632:	_M_create_node(_Args&&... __args)
        -:  633:	{
      602:  634:	  _Link_type __tmp = _M_get_node();
      602:  634-block  0
call    0 returned 602
      602:  635:	  _M_construct_node(__tmp, std::forward<_Args>(__args)...);
call    0 returned 602
call    1 returned 602
      602:  636:	  return __tmp;
        -:  637:	}
------------------
_ZNSt8_Rb_treeIcSt4pairIKcbESt10_Select1stIS2_ESt4lessIcESaIS2_EE14_M_create_nodeIJRKSt21piecewise_construct_tSt5tupleIJOcEESD_IJEEEEEPSt13_Rb_tree_nodeIS2_EDpOT_:
function _ZNSt8_Rb_treeIcSt4pairIKcbESt10_Select1stIS2_ESt4lessIcESaIS2_EE14_M_create_nodeIJRKSt21piecewise_construct_tSt5tupleIJOcEESD_IJEEEEEPSt13_Rb_tree_nodeIS2_EDpOT_ called 0 returned 0% blocks executed 0%
    #####:  632:	_M_create_node(_Args&&... __args)
        -:  633:	{
    #####:  634:	  _Link_type __tmp = _M_get_node();
    %%%%%:  634-block  0
call    0 never executed
    #####:  635:	  _M_construct_node(__tmp, std::forward<_Args>(__args)...);
call    0 never executed
call    1 never executed
call    2 never executed
call    3 never executed
    #####:  636:	  return __tmp;
        -:  637:	}
------------------
_ZNSt8_Rb_treeIcSt4pairIKcbESt10_Select1stIS2_ESt4lessIcESaIS2_EE14_M_create_nodeIJRKSt21piecewise_construct_tSt5tupleIJRS1_EESD_IJEEEEEPSt13_Rb_tree_nodeIS2_EDpOT_:
function _ZNSt8_Rb_treeIcSt4pairIKcbESt10_Select1stIS2_ESt4lessIcESaIS2_EE14_M_create_nodeIJRKSt21piecewise_construct_tSt5tupleIJRS1_EESD_IJEEEEEPSt13_Rb_tree_nodeIS2_EDpOT_ called 0 returned 0% blocks executed 0%
    #####:  632:	_M_create_node(_Args&&... __args)
        -:  633:	{
    #####:  634:	  _Link_type __tmp = _M_get_node();
    %%%%%:  634-block  0
call    0 never executed
    #####:  635:	  _M_construct_node(__tmp, std::forward<_Args>(__args)...);
call    0 never executed
call    1 never executed
call    2 never executed
call    3 never executed
    #####:  636:	  return __tmp;
        -:  637:	}
------------------
_ZNSt8_Rb_treeIiSt4pairIKiS0_IciEESt10_Select1stIS3_ESt4lessIiESaIS3_EE14_M_create_nodeIJS0_IiS2_EEEEPSt13_Rb_tree_nodeIS3_EDpOT_:
function _ZNSt8_Rb_treeIiSt4pairIKiS0_IciEESt10_Select1stIS3_ESt4lessIiESaIS3_EE14_M_create_nodeIJS0_IiS2_EEEEPSt13_Rb_tree_nodeIS3_EDpOT_ called 168 returned 100% blocks executed 100%
      168:  632:	_M_create_node(_Args&&... __args)
        -:  633:	{
      168:  634:	  _Link_type __tmp = _M_get_node();
      168:  634-block  0
call    0 returned 168
      168:  635:	  _M_construct_node(__tmp, std::forward<_Args>(__args)...);
call    0 returned 168
call    1 returned 168
      168:  636:	  return __tmp;
        -:  637:	}
------------------
_ZNSt8_Rb_treeISt3setIiSt4lessIiESaIiEESt4pairIKS4_S5_IibEESt10_Select1stIS8_ES1_IS4_ESaIS8_EE14_M_create_nodeIJRKSt21piecewise_construct_tSt5tupleIJRS6_EESI_IJEEEEEPSt13_Rb_tree_nodeIS8_EDpOT_:
function _ZNSt8_Rb_treeISt3setIiSt4lessIiESaIiEESt4pairIKS4_S5_IibEESt10_Select1stIS8_ES1_IS4_ESaIS8_EE14_M_create_nodeIJRKSt21piecewise_construct_tSt5tupleIJRS6_EESI_IJEEEEEPSt13_Rb_tree_nodeIS8_EDpOT_ called 0 returned 0% blocks executed 0%
    #####:  632:	_M_create_node(_Args&&... __args)
        -:  633:	{
    #####:  634:	  _Link_type __tmp = _M_get_node();
    %%%%%:  634-block  0
call    0 never executed
    #####:  635:	  _M_construct_node(__tmp, std::forward<_Args>(__args)...);
call    0 never executed
call    1 never executed
call    2 never executed
call    3 never executed
    #####:  636:	  return __tmp;
        -:  637:	}
------------------
        -:  638:#endif
        -:  639:
        -:  640:      void
     1073:  641:      _M_destroy_node(_Link_type __p) _GLIBCXX_NOEXCEPT
        -:  642:      {
        -:  643:#if __cplusplus < 201103L
        -:  644:	get_allocator().destroy(__p->_M_valptr());
        -:  645:#else
     1073:  646:	_Alloc_traits::destroy(_M_get_Node_allocator(), __p->_M_valptr());
     1073:  647:	__p->~_Rb_tree_node<_Val>();
        -:  648:#endif
     1073:  649:      }
------------------
_ZNSt8_Rb_treeIcSt4pairIKcbESt10_Select1stIS2_ESt4lessIcESaIS2_EE15_M_destroy_nodeEPSt13_Rb_tree_nodeIS2_E:
function _ZNSt8_Rb_treeIcSt4pairIKcbESt10_Select1stIS2_ESt4lessIcESaIS2_EE15_M_destroy_nodeEPSt13_Rb_tree_nodeIS2_E called 171 returned 100% blocks executed 100%
      171:  641:      _M_destroy_node(_Link_type __p) _GLIBCXX_NOEXCEPT
        -:  642:      {
        -:  643:#if __cplusplus < 201103L
        -:  644:	get_allocator().destroy(__p->_M_valptr());
        -:  645:#else
      171:  646:	_Alloc_traits::destroy(_M_get_Node_allocator(), __p->_M_valptr());
      171:  646-block  0
call    0 returned 171
call    1 returned 171
call    2 returned 171
      171:  647:	__p->~_Rb_tree_node<_Val>();
        -:  648:#endif
      171:  649:      }
------------------
_ZNSt8_Rb_treeISt3setIiSt4lessIiESaIiEESt4pairIKS4_S5_IibEESt10_Select1stIS8_ES1_IS4_ESaIS8_EE15_M_destroy_nodeEPSt13_Rb_tree_nodeIS8_E:
function _ZNSt8_Rb_treeISt3setIiSt4lessIiESaIiEESt4pairIKS4_S5_IibEESt10_Select1stIS8_ES1_IS4_ESaIS8_EE15_M_destroy_nodeEPSt13_Rb_tree_nodeIS8_E called 75 returned 100% blocks executed 100%
       75:  641:      _M_destroy_node(_Link_type __p) _GLIBCXX_NOEXCEPT
        -:  642:      {
        -:  643:#if __cplusplus < 201103L
        -:  644:	get_allocator().destroy(__p->_M_valptr());
        -:  645:#else
       75:  646:	_Alloc_traits::destroy(_M_get_Node_allocator(), __p->_M_valptr());
       75:  646-block  0
call    0 returned 75
call    1 returned 75
call    2 returned 75
       75:  647:	__p->~_Rb_tree_node<_Val>();
        -:  648:#endif
       75:  649:      }
------------------
_ZNSt8_Rb_treeIiSt4pairIKiS0_IciEESt10_Select1stIS3_ESt4lessIiESaIS3_EE15_M_destroy_nodeEPSt13_Rb_tree_nodeIS3_E:
function _ZNSt8_Rb_treeIiSt4pairIKiS0_IciEESt10_Select1stIS3_ESt4lessIiESaIS3_EE15_M_destroy_nodeEPSt13_Rb_tree_nodeIS3_E called 197 returned 100% blocks executed 100%
      197:  641:      _M_destroy_node(_Link_type __p) _GLIBCXX_NOEXCEPT
        -:  642:      {
        -:  643:#if __cplusplus < 201103L
        -:  644:	get_allocator().destroy(__p->_M_valptr());
        -:  645:#else
      197:  646:	_Alloc_traits::destroy(_M_get_Node_allocator(), __p->_M_valptr());
      197:  646-block  0
call    0 returned 197
call    1 returned 197
call    2 returned 197
      197:  647:	__p->~_Rb_tree_node<_Val>();
        -:  648:#endif
      197:  649:      }
------------------
_ZNSt8_Rb_treeIiiSt9_IdentityIiESt4lessIiESaIiEE15_M_destroy_nodeEPSt13_Rb_tree_nodeIiE:
function _ZNSt8_Rb_treeIiiSt9_IdentityIiESt4lessIiESaIiEE15_M_destroy_nodeEPSt13_Rb_tree_nodeIiE called 630 returned 100% blocks executed 100%
      630:  641:      _M_destroy_node(_Link_type __p) _GLIBCXX_NOEXCEPT
        -:  642:      {
        -:  643:#if __cplusplus < 201103L
        -:  644:	get_allocator().destroy(__p->_M_valptr());
        -:  645:#else
      630:  646:	_Alloc_traits::destroy(_M_get_Node_allocator(), __p->_M_valptr());
      630:  646-block  0
call    0 returned 630
call    1 returned 630
call    2 returned 630
      630:  647:	__p->~_Rb_tree_node<_Val>();
        -:  648:#endif
      630:  649:      }
------------------
        -:  650:
        -:  651:      void
      995:  652:      _M_drop_node(_Link_type __p) _GLIBCXX_NOEXCEPT
        -:  653:      {
      995:  654:	_M_destroy_node(__p);
      995:  655:	_M_put_node(__p);
      995:  656:      }
------------------
_ZNSt8_Rb_treeIcSt4pairIKcbESt10_Select1stIS2_ESt4lessIcESaIS2_EE12_M_drop_nodeEPSt13_Rb_tree_nodeIS2_E:
function _ZNSt8_Rb_treeIcSt4pairIKcbESt10_Select1stIS2_ESt4lessIcESaIS2_EE12_M_drop_nodeEPSt13_Rb_tree_nodeIS2_E called 171 returned 100% blocks executed 100%
      171:  652:      _M_drop_node(_Link_type __p) _GLIBCXX_NOEXCEPT
        -:  653:      {
      171:  654:	_M_destroy_node(__p);
      171:  654-block  0
call    0 returned 171
      171:  655:	_M_put_node(__p);
call    0 returned 171
      171:  656:      }
------------------
_ZNSt8_Rb_treeISt3setIiSt4lessIiESaIiEESt4pairIKS4_S5_IibEESt10_Select1stIS8_ES1_IS4_ESaIS8_EE12_M_drop_nodeEPSt13_Rb_tree_nodeIS8_E:
[...]
        -: 2378:    {
        -: 2379:      bool __insert_left = (__p == _M_end()
        -: 2380:			    || !_M_impl._M_key_compare(_S_key(__p),
        -: 2381:						       _S_key(__z)));
        -: 2382:
        -: 2383:      _Rb_tree_insert_and_rebalance(__insert_left, __z, __p,
        -: 2384:				    this->_M_impl._M_header);
        -: 2385:      ++_M_impl._M_node_count;
        -: 2386:      return iterator(__z);
        -: 2387:    }
        -: 2388:
        -: 2389:  template<typename _Key, typename _Val, typename _KeyOfValue,
        -: 2390:	   typename _Compare, typename _Alloc>
        -: 2391:    typename _Rb_tree<_Key, _Val, _KeyOfValue, _Compare, _Alloc>::iterator
        -: 2392:    _Rb_tree<_Key, _Val, _KeyOfValue, _Compare, _Alloc>::
        -: 2393:    _M_insert_equal_lower_node(_Link_type __z)
        -: 2394:    {
        -: 2395:      _Link_type __x = _M_begin();
        -: 2396:      _Base_ptr __y = _M_end();
        -: 2397:      while (__x != 0)
        -: 2398:	{
        -: 2399:	  __y = __x;
        -: 2400:	  __x = !_M_impl._M_key_compare(_S_key(__x), _S_key(__z)) ?
        -: 2401:		_S_left(__x) : _S_right(__x);
        -: 2402:	}
        -: 2403:      return _M_insert_lower_node(__y, __z);
        -: 2404:    }
        -: 2405:
        -: 2406:  template<typename _Key, typename _Val, typename _KeyOfValue,
        -: 2407:	   typename _Compare, typename _Alloc>
        -: 2408:    template<typename... _Args>
        -: 2409:      pair<typename _Rb_tree<_Key, _Val, _KeyOfValue,
        -: 2410:			     _Compare, _Alloc>::iterator, bool>
        -: 2411:      _Rb_tree<_Key, _Val, _KeyOfValue, _Compare, _Alloc>::
        -: 2412:      _M_emplace_unique(_Args&&... __args)
        -: 2413:      {
        -: 2414:	_Link_type __z = _M_create_node(std::forward<_Args>(__args)...);
        -: 2415:
        -: 2416:	__try
        -: 2417:	  {
        -: 2418:	    typedef pair<iterator, bool> _Res;
        -: 2419:	    auto __res = _M_get_insert_unique_pos(_S_key(__z));
        -: 2420:	    if (__res.second)
        -: 2421:	      return _Res(_M_insert_node(__res.first, __res.second, __z), true);
        -: 2422:	
        -: 2423:	    _M_drop_node(__z);
        -: 2424:	    return _Res(iterator(__res.first), false);
        -: 2425:	  }
        -: 2426:	__catch(...)
        -: 2427:	  {
        -: 2428:	    _M_drop_node(__z);
        -: 2429:	    __throw_exception_again;
        -: 2430:	  }
        -: 2431:      }
        -: 2432:
        -: 2433:  template<typename _Key, typename _Val, typename _KeyOfValue,
        -: 2434:	   typename _Compare, typename _Alloc>
        -: 2435:    template<typename... _Args>
        -: 2436:      typename _Rb_tree<_Key, _Val, _KeyOfValue, _Compare, _Alloc>::iterator
function _ZNSt8_Rb_treeIiSt4pairIKiS0_IciEESt10_Select1stIS3_ESt4lessIiESaIS3_EE16_M_emplace_equalIJS0_IiS2_EEEESt17_Rb_tree_iteratorIS3_EDpOT_ called 168 returned 100% blocks executed 60%
      168: 2437:      _Rb_tree<_Key, _Val, _KeyOfValue, _Compare, _Alloc>::
        -: 2438:      _M_emplace_equal(_Args&&... __args)
        -: 2439:      {
      168: 2440:	_Link_type __z = _M_create_node(std::forward<_Args>(__args)...);
      168: 2440-block  0
call    0 returned 168
call    1 returned 168
        -: 2441:
        -: 2442:	__try
        -: 2443:	  {
      168: 2444:	    auto __res = _M_get_insert_equal_pos(_S_key(__z));
call    0 returned 168
branch  1 taken 168 (fallthrough)
branch  2 taken 0 (throw)
      168: 2444-block  0
call    3 returned 168
branch  4 taken 168 (fallthrough)
branch  5 taken 0 (throw)
      336: 2445:	    return _M_insert_node(__res.first, __res.second, __z);
      168: 2445-block  0
call    0 returned 168
branch  1 taken 168 (fallthrough)
branch  2 taken 0 (throw)
      168: 2445-block  1
      168: 2445-block  2
        -: 2446:	  }
    =====: 2447:	__catch(...)
    $$$$$: 2447-block  0
    $$$$$: 2447-block  1
call    0 never executed
    $$$$$: 2447-block  2
call    1 never executed
        -: 2448:	  {
    =====: 2449:	    _M_drop_node(__z);
call    0 never executed
    =====: 2450:	    __throw_exception_again;
call    0 never executed
        -: 2451:	  }
        -: 2452:      }
        -: 2453:
        -: 2454:  template<typename _Key, typename _Val, typename _KeyOfValue,
        -: 2455:	   typename _Compare, typename _Alloc>
        -: 2456:    template<typename... _Args>
        -: 2457:      typename _Rb_tree<_Key, _Val, _KeyOfValue, _Compare, _Alloc>::iterator
    #####: 2458:      _Rb_tree<_Key, _Val, _KeyOfValue, _Compare, _Alloc>::
        -: 2459:      _M_emplace_hint_unique(const_iterator __pos, _Args&&... __args)
        -: 2460:      {
    #####: 2461:	_Link_type __z = _M_create_node(std::forward<_Args>(__args)...);
        -: 2462:
        -: 2463:	__try
        -: 2464:	  {
    #####: 2465:	    auto __res = _M_get_insert_hint_unique_pos(__pos, _S_key(__z));
        -: 2466:
    #####: 2467:	    if (__res.second)
    #####: 2468:	      return _M_insert_node(__res.first, __res.second, __z);
        -: 2469:
    #####: 2470:	    _M_drop_node(__z);
    #####: 2471:	    return iterator(__res.first);
        -: 2472:	  }
    =====: 2473:	__catch(...)
        -: 2474:	  {
    =====: 2475:	    _M_drop_node(__z);
    =====: 2476:	    __throw_exception_again;
        -: 2477:	  }
        -: 2478:      }
------------------
_ZNSt8_Rb_treeIcSt4pairIKcbESt10_Select1stIS2_ESt4lessIcESaIS2_EE22_M_emplace_hint_uniqueIJRKSt21piecewise_construct_tSt5tupleIJOcEESD_IJEEEEESt17_Rb_tree_iteratorIS2_ESt23_Rb_tree_const_iteratorIS2_EDpOT_:
function _ZNSt8_Rb_treeIcSt4pairIKcbESt10_Select1stIS2_ESt4lessIcESaIS2_EE22_M_emplace_hint_uniqueIJRKSt21piecewise_construct_tSt5tupleIJOcEESD_IJEEEEESt17_Rb_tree_iteratorIS2_ESt23_Rb_tree_const_iteratorIS2_EDpOT_ called 0 returned 0% blocks executed 0%
    #####: 2458:      _Rb_tree<_Key, _Val, _KeyOfValue, _Compare, _Alloc>::
        -: 2459:      _M_emplace_hint_unique(const_iterator __pos, _Args&&... __args)
        -: 2460:      {
    #####: 2461:	_Link_type __z = _M_create_node(std::forward<_Args>(__args)...);
    %%%%%: 2461-block  0
call    0 never executed
call    1 never executed
call    2 never executed
call    3 never executed
        -: 2462:
        -: 2463:	__try
        -: 2464:	  {
    #####: 2465:	    auto __res = _M_get_insert_hint_unique_pos(__pos, _S_key(__z));
call    0 never executed
branch  1 never executed
branch  2 never executed
    %%%%%: 2465-block  0
call    3 never executed
branch  4 never executed
branch  5 never executed
        -: 2466:
    #####: 2467:	    if (__res.second)
    %%%%%: 2467-block  0
branch  0 never executed
branch  1 never executed
    #####: 2468:	      return _M_insert_node(__res.first, __res.second, __z);
    %%%%%: 2468-block  0
call    0 never executed
branch  1 never executed
branch  2 never executed
    %%%%%: 2468-block  1
        -: 2469:
    #####: 2470:	    _M_drop_node(__z);
    %%%%%: 2470-block  0
call    0 never executed
    #####: 2471:	    return iterator(__res.first);
call    0 never executed
        -: 2472:	  }
    =====: 2473:	__catch(...)
    $$$$$: 2473-block  0
    $$$$$: 2473-block  1
call    0 never executed
    $$$$$: 2473-block  2
call    1 never executed
        -: 2474:	  {
    =====: 2475:	    _M_drop_node(__z);
call    0 never executed
    =====: 2476:	    __throw_exception_again;
call    0 never executed
        -: 2477:	  }
        -: 2478:      }
------------------
_ZNSt8_Rb_treeIcSt4pairIKcbESt10_Select1stIS2_ESt4lessIcESaIS2_EE22_M_emplace_hint_uniqueIJRKSt21piecewise_construct_tSt5tupleIJRS1_EESD_IJEEEEESt17_Rb_tree_iteratorIS2_ESt23_Rb_tree_const_iteratorIS2_EDpOT_:
function _ZNSt8_Rb_treeIcSt4pairIKcbESt10_Select1stIS2_ESt4lessIcESaIS2_EE22_M_emplace_hint_uniqueIJRKSt21piecewise_construct_tSt5tupleIJRS1_EESD_IJEEEEESt17_Rb_tree_iteratorIS2_ESt23_Rb_tree_const_iteratorIS2_EDpOT_ called 0 returned 0% blocks executed 0%
    #####: 2458:      _Rb_tree<_Key, _Val, _KeyOfValue, _Compare, _Alloc>::
        -: 2459:      _M_emplace_hint_unique(const_iterator __pos, _Args&&... __args)
        -: 2460:      {
    #####: 2461:	_Link_type __z = _M_create_node(std::forward<_Args>(__args)...);
    %%%%%: 2461-block  0
call    0 never executed
call    1 never executed
call    2 never executed
call    3 never executed
        -: 2462:
        -: 2463:	__try
        -: 2464:	  {
    #####: 2465:	    auto __res = _M_get_insert_hint_unique_pos(__pos, _S_key(__z));
call    0 never executed
branch  1 never executed
branch  2 never executed
    %%%%%: 2465-block  0
call    3 never executed
branch  4 never executed
branch  5 never executed
        -: 2466:
    #####: 2467:	    if (__res.second)
    %%%%%: 2467-block  0
branch  0 never executed
branch  1 never executed
    #####: 2468:	      return _M_insert_node(__res.first, __res.second, __z);
    %%%%%: 2468-block  0
call    0 never executed
branch  1 never executed
branch  2 never executed
    %%%%%: 2468-block  1
        -: 2469:
    #####: 2470:	    _M_drop_node(__z);
    %%%%%: 2470-block  0
call    0 never executed
    #####: 2471:	    return iterator(__res.first);
call    0 never executed
        -: 2472:	  }
    =====: 2473:	__catch(...)
    $$$$$: 2473-block  0
    $$$$$: 2473-block  1
call    0 never executed
    $$$$$: 2473-block  2
call    1 never executed
        -: 2474:	  {
    =====: 2475:	    _M_drop_node(__z);
call    0 never executed
    =====: 2476:	    __throw_exception_again;
call    0 never executed
        -: 2477:	  }
        -: 2478:      }
------------------
_ZNSt8_Rb_treeISt3setIiSt4lessIiESaIiEESt4pairIKS4_S5_IibEESt10_Select1stIS8_ES1_IS4_ESaIS8_EE22_M_emplace_hint_uniqueIJRKSt21piecewise_construct_tSt5tupleIJRS6_EESI_IJEEEEESt17_Rb_tree_iteratorIS8_ESt23_Rb_tree_const_iteratorIS8_EDpOT_:
function _ZNSt8_Rb_treeISt3setIiSt4lessIiESaIiEESt4pairIKS4_S5_IibEESt10_Select1stIS8_ES1_IS4_ESaIS8_EE22_M_emplace_hint_uniqueIJRKSt21piecewise_construct_tSt5tupleIJRS6_EESI_IJEEEEESt17_Rb_tree_iteratorIS8_ESt23_Rb_tree_const_iteratorIS8_EDpOT_ called 0 returned 0% blocks executed 0%
    #####: 2458:      _Rb_tree<_Key, _Val, _KeyOfValue, _Compare, _Alloc>::
        -: 2459:      _M_emplace_hint_unique(const_iterator __pos, _Args&&... __args)
        -: 2460:      {
    #####: 2461:	_Link_type __z = _M_create_node(std::forward<_Args>(__args)...);
    %%%%%: 2461-block  0
call    0 never executed
call    1 never executed
call    2 never executed
call    3 never executed
        -: 2462:
        -: 2463:	__try
        -: 2464:	  {
    #####: 2465:	    auto __res = _M_get_insert_hint_unique_pos(__pos, _S_key(__z));
call    0 never executed
branch  1 never executed
branch  2 never executed
    %%%%%: 2465-block  0
call    3 never executed
branch  4 never executed
branch  5 never executed
        -: 2466:
    #####: 2467:	    if (__res.second)
    %%%%%: 2467-block  0
branch  0 never executed
branch  1 never executed
    #####: 2468:	      return _M_insert_node(__res.first, __res.second, __z);
    %%%%%: 2468-block  0
call    0 never executed
branch  1 never executed
branch  2 never executed
    %%%%%: 2468-block  1
        -: 2469:
    #####: 2470:	    _M_drop_node(__z);
    %%%%%: 2470-block  0
call    0 never executed
    #####: 2471:	    return iterator(__res.first);
call    0 never executed
        -: 2472:	  }
    =====: 2473:	__catch(...)
    $$$$$: 2473-block  0
    $$$$$: 2473-block  1
call    0 never executed
    $$$$$: 2473-block  2
call    1 never executed
        -: 2474:	  {
    =====: 2475:	    _M_drop_node(__z);
call    0 never executed
    =====: 2476:	    __throw_exception_again;
call    0 never executed
        -: 2477:	  }
        -: 2478:      }
------------------
        -: 2479:
        -: 2480:  template<typename _Key, typename _Val, typename _KeyOfValue,
        -: 2481:	   typename _Compare, typename _Alloc>
        -: 2482:    template<typename... _Args>
        -: 2483:      typename _Rb_tree<_Key, _Val, _KeyOfValue, _Compare, _Alloc>::iterator
        -: 2484:      _Rb_tree<_Key, _Val, _KeyOfValue, _Compare, _Alloc>::
        -: 2485:      _M_emplace_hint_equal(const_iterator __pos, _Args&&... __args)
        -: 2486:      {
        -: 2487:	_Link_type __z = _M_create_node(std::forward<_Args>(__args)...);
        -: 2488:
        -: 2489:	__try
        -: 2490:	  {
        -: 2491:	    auto __res = _M_get_insert_hint_equal_pos(__pos, _S_key(__z));
        -: 2492:
        -: 2493:	    if (__res.second)
        -: 2494:	      return _M_insert_node(__res.first, __res.second, __z);
        -: 2495:
        -: 2496:	    return _M_insert_equal_lower_node(__z);
        -: 2497:	  }
        -: 2498:	__catch(...)
        -: 2499:	  {
        -: 2500:	    _M_drop_node(__z);
        -: 2501:	    __throw_exception_again;
        -: 2502:	  }
        -: 2503:      }
        -: 2504:#endif
        -: 2505:
        -: 2506:
        -: 2507:  template<typename _Key, typename _Val, typename _KeyOfValue,
        -: 2508:	   typename _Compare, typename _Alloc>
        -: 2509:    void
function _ZNSt8_Rb_treeIiSt4pairIKiS0_IciEESt10_Select1stIS3_ESt4lessIiESaIS3_EE12_M_erase_auxESt23_Rb_tree_const_iteratorIS3_E called 197 returned 100% blocks executed 100%
      197: 2510:    _Rb_tree<_Key, _Val, _KeyOfValue, _Compare, _Alloc>::
        -: 2511:    _M_erase_aux(const_iterator __position)
        -: 2512:    {
        -: 2513:      _Link_type __y =
        -: 2514:	static_cast<_Link_type>(_Rb_tree_rebalance_for_erase
      197: 2515:				(const_cast<_Base_ptr>(__position._M_node),
      197: 2516:				 this->_M_impl._M_header));
      197: 2516-block  0
call    0 returned 197
      197: 2517:      _M_drop_node(__y);
call    0 returned 197
      197: 2518:      --_M_impl._M_node_count;
      197: 2519:    }
        -: 2520:
        -: 2521:  template<typename _Key, typename _Val, typename _KeyOfValue,
        -: 2522:	   typename _Compare, typename _Alloc>
        -: 2523:    void
        -: 2524:    _Rb_tree<_Key, _Val, _KeyOfValue, _Compare, _Alloc>::
        -: 2525:    _M_erase_aux(const_iterator __first, const_iterator __last)
        -: 2526:    {
        -: 2527:      if (__first == begin() && __last == end())
        -: 2528:	clear();
        -: 2529:      else
        -: 2530:	while (__first != __last)
        -: 2531:	  _M_erase_aux(__first++);
        -: 2532:    }
        -: 2533:
        -: 2534:  template<typename _Key, typename _Val, typename _KeyOfValue,
        -: 2535:	   typename _Compare, typename _Alloc>
        -: 2536:    typename _Rb_tree<_Key, _Val, _KeyOfValue, _Compare, _Alloc>::size_type
        -: 2537:    _Rb_tree<_Key, _Val, _KeyOfValue, _Compare, _Alloc>::
        -: 2538:    erase(const _Key& __x)
        -: 2539:    {
        -: 2540:      pair<iterator, iterator> __p = equal_range(__x);
        -: 2541:      const size_type __old_size = size();
        -: 2542:      _M_erase_aux(__p.first, __p.second);
        -: 2543:      return __old_size - size();
        -: 2544:    }
        -: 2545:
        -: 2546:  template<typename _Key, typename _Val, typename _KeyOfValue,
        -: 2547:	   typename _Compare, typename _Alloc>
        -: 2548:    typename _Rb_tree<_Key, _Val, _KeyOfValue,
        -: 2549:		      _Compare, _Alloc>::iterator
      667: 2550:    _Rb_tree<_Key, _Val, _KeyOfValue, _Compare, _Alloc>::
        -: 2551:    find(const _Key& __k)
        -: 2552:    {
      667: 2553:      iterator __j = _M_lower_bound(_M_begin(), _M_end(), __k);
     1334: 2554:      return (__j == end()
      500: 2555:	      || _M_impl._M_key_compare(__k,
     1834: 2556:					_S_key(__j._M_node))) ? end() : __j;
        -: 2557:    }
        -: 2558:
        -: 2559:  template<typename _Key, typename _Val, typename _KeyOfValue,
        -: 2560:	   typename _Compare, typename _Alloc>
        -: 2561:    typename _Rb_tree<_Key, _Val, _KeyOfValue,
        -: 2562:		      _Compare, _Alloc>::const_iterator
        -: 2563:    _Rb_tree<_Key, _Val, _KeyOfValue, _Compare, _Alloc>::
        -: 2564:    find(const _Key& __k) const
        -: 2565:    {
        -: 2566:      const_iterator __j = _M_lower_bound(_M_begin(), _M_end(), __k);
        -: 2567:      return (__j == end()
        -: 2568:	      || _M_impl._M_key_compare(__k,
        -: 2569:					_S_key(__j._M_node))) ? end() : __j;
        -: 2570:    }
        -: 2571:
        -: 2572:  template<typename _Key, typename _Val, typename _KeyOfValue,
        -: 2573:	   typename _Compare, typename _Alloc>
        -: 2574:    typename _Rb_tree<_Key, _Val, _KeyOfValue, _Compare, _Alloc>::size_type
        -: 2575:    _Rb_tree<_Key, _Val, _KeyOfValue, _Compare, _Alloc>::
        -: 2576:    count(const _Key& __k) const
        -: 2577:    {
        -: 2578:      pair<const_iterator, const_iterator> __p = equal_range(__k);
        -: 2579:      const size_type __n = std::distance(__p.first, __p.second);
        -: 2580:      return __n;
        -: 2581:    }
        -: 2582:
        -: 2583:  _GLIBCXX_PURE unsigned int
        -: 2584:  _Rb_tree_black_count(const _Rb_tree_node_base* __node,
        -: 2585:		       const _Rb_tree_node_base* __root) throw ();
        -: 2586:
        -: 2587:  template<typename _Key, typename _Val, typename _KeyOfValue,
        -: 2588:	   typename _Compare, typename _Alloc>
        -: 2589:    bool
        -: 2590:    _Rb_tree<_Key,_Val,_KeyOfValue,_Compare,_Alloc>::__rb_verify() const
        -: 2591:    {
        -: 2592:      if (_M_impl._M_node_count == 0 || begin() == end())
        -: 2593:	return _M_impl._M_node_count == 0 && begin() == end()
        -: 2594:	       && this->_M_impl._M_header._M_left == _M_end()
        -: 2595:	       && this->_M_impl._M_header._M_right == _M_end();
        -: 2596:
        -: 2597:      unsigned int __len = _Rb_tree_black_count(_M_leftmost(), _M_root());
        -: 2598:      for (const_iterator __it = begin(); __it != end(); ++__it)
        -: 2599:	{
        -: 2600:	  _Const_Link_type __x = static_cast<_Const_Link_type>(__it._M_node);
        -: 2601:	  _Const_Link_type __L = _S_left(__x);
        -: 2602:	  _Const_Link_type __R = _S_right(__x);
        -: 2603:
        -: 2604:	  if (__x->_M_color == _S_red)
        -: 2605:	    if ((__L && __L->_M_color == _S_red)
        -: 2606:		|| (__R && __R->_M_color == _S_red))
        -: 2607:	      return false;
        -: 2608:
        -: 2609:	  if (__L && _M_impl._M_key_compare(_S_key(__x), _S_key(__L)))
        -: 2610:	    return false;
        -: 2611:	  if (__R && _M_impl._M_key_compare(_S_key(__R), _S_key(__x)))
        -: 2612:	    return false;
        -: 2613:
        -: 2614:	  if (!__L && !__R && _Rb_tree_black_count(__x, _M_root()) != __len)
        -: 2615:	    return false;
        -: 2616:	}
        -: 2617:
        -: 2618:      if (_M_leftmost() != _Rb_tree_node_base::_S_minimum(_M_root()))
        -: 2619:	return false;
        -: 2620:      if (_M_rightmost() != _Rb_tree_node_base::_S_maximum(_M_root()))
        -: 2621:	return false;
        -: 2622:      return true;
        -: 2623:    }
        -: 2624:
        -: 2625:#if __cplusplus > 201402L
        -: 2626:  // Allow access to internals of compatible _Rb_tree specializations.
        -: 2627:  template<typename _Key, typename _Val, typename _Sel, typename _Cmp1,
        -: 2628:	   typename _Alloc, typename _Cmp2>
        -: 2629:    struct _Rb_tree_merge_helper<_Rb_tree<_Key, _Val, _Sel, _Cmp1, _Alloc>,
        -: 2630:				 _Cmp2>
        -: 2631:    {
        -: 2632:    private:
        -: 2633:      friend class _Rb_tree<_Key, _Val, _Sel, _Cmp1, _Alloc>;
        -: 2634:
        -: 2635:      static auto&
        -: 2636:      _S_get_impl(_Rb_tree<_Key, _Val, _Sel, _Cmp2, _Alloc>& __tree)
        -: 2637:      { return __tree._M_impl; }
        -: 2638:    };
        -: 2639:#endif // C++17
        -: 2640:
        -: 2641:_GLIBCXX_END_NAMESPACE_VERSION
        -: 2642:} // namespace
        -: 2643:
        -: 2644:#endif
